Using pre-set license
Built from '6000.0/release' branch; Version is '6000.0.29f1 (9fafe5c9db65) revision 10465253'; Using compiler version '193933523'; Build Type 'Release'
OS: 'Windows 10  (10.0.19045) 64bit Core' Language: 'ko' Physical Memory: 16314 MB
BatchMode: 1, IsHumanControllingUs: 0, StartBugReporterOnCrash: 0, Is64bit: 1, IsPro: 1

COMMAND LINE ARGUMENTS:
C:\Program Files\Unity\Hub\Editor\6000.0.29f1\Editor\Unity.exe
-adb2
-batchMode
-noUpm
-name
AssetImportWorker2
-projectPath
C:/Users/Ellen/Desktop/Project/25_Dorememe/Dorememe4
-logFile
Logs/AssetImportWorker2.log
-srvPort
50421
-job-worker-count
3
-background-job-worker-count
8
-asset-garbage-collectors
1
Successfully changed project path to: C:/Users/Ellen/Desktop/Project/25_Dorememe/Dorememe4
C:/Users/Ellen/Desktop/Project/25_Dorememe/Dorememe4
[UnityMemory] Configuration Parameters - Can be set up in boot.config
    "memorysetup-bucket-allocator-granularity=16"
    "memorysetup-bucket-allocator-bucket-count=8"
    "memorysetup-bucket-allocator-block-size=33554432"
    "memorysetup-bucket-allocator-block-count=8"
    "memorysetup-main-allocator-block-size=16777216"
    "memorysetup-thread-allocator-block-size=16777216"
    "memorysetup-gfx-main-allocator-block-size=16777216"
    "memorysetup-gfx-thread-allocator-block-size=16777216"
    "memorysetup-cache-allocator-block-size=4194304"
    "memorysetup-typetree-allocator-block-size=2097152"
    "memorysetup-profiler-bucket-allocator-granularity=16"
    "memorysetup-profiler-bucket-allocator-bucket-count=8"
    "memorysetup-profiler-bucket-allocator-block-size=33554432"
    "memorysetup-profiler-bucket-allocator-block-count=8"
    "memorysetup-profiler-allocator-block-size=16777216"
    "memorysetup-profiler-editor-allocator-block-size=1048576"
    "memorysetup-temp-allocator-size-main=16777216"
    "memorysetup-job-temp-allocator-block-size=2097152"
    "memorysetup-job-temp-allocator-block-size-background=1048576"
    "memorysetup-job-temp-allocator-reduction-small-platforms=262144"
    "memorysetup-allocator-temp-initial-block-size-main=262144"
    "memorysetup-allocator-temp-initial-block-size-worker=262144"
    "memorysetup-temp-allocator-size-background-worker=32768"
    "memorysetup-temp-allocator-size-job-worker=262144"
    "memorysetup-temp-allocator-size-preload-manager=33554432"
    "memorysetup-temp-allocator-size-nav-mesh-worker=65536"
    "memorysetup-temp-allocator-size-audio-worker=65536"
    "memorysetup-temp-allocator-size-cloud-worker=32768"
    "memorysetup-temp-allocator-size-gi-baking-worker=262144"
    "memorysetup-temp-allocator-size-gi-baking-worker=262144"
    "memorysetup-temp-allocator-size-gi-baking-worker=262144"
    "memorysetup-temp-allocator-size-gi-baking-worker=262144"
    "memorysetup-temp-allocator-size-gi-baking-worker=262144"
    "memorysetup-temp-allocator-size-gfx=262144"
Player connection [15684]  Target information:

Player connection [15684]  * "[IP] 192.168.45.15 [Port] 0 [Flags] 2 [Guid] 3611584313 [EditorId] 3611584313 [Version] 1048832 [Id] WindowsEditor(7,DESKTOP-6IHTGVK) [Debug] 1 [PackageName] WindowsEditor [ProjectName] Editor" 

Player connection [15684] Host joined multi-casting on [225.0.0.222:54997]...
Player connection [15684] Host joined alternative multi-casting on [225.0.0.222:34997]...
JobSystem: Creating JobQueue using job-worker-count value 3
[Physics::Module] Initialized fallback backend.
[Physics::Module] Id: 0xdecafbad
Library Redirect Path: Library/
[Physics::Module] Selected backend.
[Physics::Module] Name: PhysX
[Physics::Module] Id: 0xf2b8ea05
[Physics::Module] SDK Version: 4.1.2
[Physics::Module] Integration Version: 1.0.0
[Physics::Module] Threading Mode: Multi-Threaded
Refreshing native plugins compatible for Editor in 21.54 ms, found 20 plugins.
Unity memory allocator detected: MetaXRAudio native memory allocations will be tracked.
Preloading 3 native plugins for Editor in 2.38 ms.
Initialize engine version: 6000.0.29f1 (9fafe5c9db65)
[Subsystems] Discovering subsystems at path C:/Program Files/Unity/Hub/Editor/6000.0.29f1/Editor/Data/Resources/UnitySubsystems
[Subsystems] Discovering subsystems at path C:/Users/Ellen/Desktop/Project/25_Dorememe/Dorememe4/Assets
[Subsystems] No descriptors matched for  examples in Assets/MeshingFeaturePlugin/UnitySubsystemsManifest.json.
[Subsystems] No descriptors matched for  inputs in Assets/MeshingFeaturePlugin/UnitySubsystemsManifest.json.
[Subsystems] No descriptors matched for  displays in Assets/MeshingFeaturePlugin/UnitySubsystemsManifest.json.
[Subsystems] 1 'meshings' descriptors matched in Assets/MeshingFeaturePlugin/UnitySubsystemsManifest.json
GfxDevice: creating device client; kGfxThreadingModeNonThreaded
Direct3D:
    Version:  Direct3D 11.0 [level 11.1]
    Renderer: NVIDIA GeForce RTX 2060 (ID=0x1e89)
    Vendor:   NVIDIA
    VRAM:     5945 MB
    Driver:   32.0.15.8157
Shader 'Meta/MRUK/Scene/HighlightsAndShadows': fallback shader 'Off' not found
Shader 'Oculus/OVRMRCameraFrameLit': fallback shader 'Alpha-Diffuse' not found
Initialize mono
Mono path[0] = 'C:/Program Files/Unity/Hub/Editor/6000.0.29f1/Editor/Data/Managed'
Mono path[1] = 'C:/Program Files/Unity/Hub/Editor/6000.0.29f1/Editor/Data/MonoBleedingEdge/lib/mono/unityjit-win32'
Mono config path = 'C:/Program Files/Unity/Hub/Editor/6000.0.29f1/Editor/Data/MonoBleedingEdge/etc'
Using monoOptions --debugger-agent=transport=dt_socket,embedding=1,server=y,suspend=n,address=127.0.0.1:56744
Begin MonoManager ReloadAssembly
Registering precompiled unity dll's ...
Register platform support module: C:/Program Files/Unity/Hub/Editor/6000.0.29f1/Editor/Data/PlaybackEngines/WindowsStandaloneSupport/UnityEditor.WindowsStandalone.Extensions.dll
Register platform support module: C:/Program Files/Unity/Hub/Editor/6000.0.29f1/Editor/Data/PlaybackEngines/AndroidPlayer/UnityEditor.Android.Extensions.dll
Registered in 0.003377 seconds.
- Loaded All Assemblies, in  0.383 seconds
Native extension for Android target not found
Android Extension - Scanning For ADB Devices 237 ms
Native extension for WindowsStandalone target not found
Mono: successfully reloaded assembly
- Finished resetting the current domain, in  0.608 seconds
Domain Reload Profiling: 990ms
	BeginReloadAssembly (125ms)
		ExecutionOrderSort (0ms)
		DisableScriptedObjects (0ms)
		BackupInstance (0ms)
		ReleaseScriptingObjects (0ms)
		CreateAndSetChildDomain (1ms)
	RebuildCommonClasses (36ms)
	RebuildNativeTypeToScriptingClass (12ms)
	initialDomainReloadingComplete (47ms)
	LoadAllAssembliesAndSetupDomain (162ms)
		LoadAssemblies (122ms)
		RebuildTransferFunctionScriptingTraits (0ms)
		AnalyzeDomain (158ms)
			TypeCache.Refresh (157ms)
				TypeCache.ScanAssembly (143ms)
			BuildScriptInfoCaches (0ms)
			ResolveRequiredComponents (0ms)
	FinalizeReload (608ms)
		ReleaseScriptCaches (0ms)
		RebuildScriptCaches (0ms)
		SetupLoadedEditorAssemblies (543ms)
			LogAssemblyErrors (0ms)
			InitializePlatformSupportModulesInManaged (320ms)
			SetLoadedEditorAssemblies (5ms)
			BeforeProcessingInitializeOnLoad (6ms)
			ProcessInitializeOnLoadAttributes (145ms)
			ProcessInitializeOnLoadMethodAttributes (65ms)
			AfterProcessingInitializeOnLoad (3ms)
			EditorAssembliesLoaded (0ms)
		ExecutionOrderSort2 (0ms)
		AwakeInstancesAfterBackupRestoration (0ms)
========================================================================
Worker process is ready to serve import requests
Import Worker Mode flag is 0x00
Begin MonoManager ReloadAssembly
Symbol file LoadedFromMemory is not a mono symbol file
- Loaded All Assemblies, in  1.042 seconds
Script 'CharacterController' has the same name as built-in Unity component.
AddComponent and GetComponent will not work with this script.
'Packages/com.meta.xr.sdk.core/Editor/BuildingBlocks/BlocksWindow.cs' contains partial class of Unity.Object, exactly 1 of the partial classes needs to be in a file with the same filename. This is to know the one that can be referenced from ie. GameObjects
'Packages/com.meta.xr.sdk.core/Editor/BuildingBlocks/BlocksWindowDetailsExtension.cs' contains partial class of Unity.Object, exactly 1 of the partial classes needs to be in a file with the same filename. This is to know the one that can be referenced from ie. GameObjects
'Packages/com.meta.xr.sdk.core/Editor/BuildingBlocks/BlocksWindowCollectionsPageExtension.cs' contains partial class of Unity.Object, exactly 1 of the partial classes needs to be in a file with the same filename. This is to know the one that can be referenced from ie. GameObjects
Refreshing native plugins compatible for Editor in 17.03 ms, found 20 plugins.
Native extension for Android target not found
Native extension for WindowsStandalone target not found
Package Manager log level set to [2]
[Package Manager] Failed to launch server process. Reason: Unity was launched with the -noUpm command-line argument
[Package Manager] Unable to send message (not connected to server process).
[Package Manager] Cannot connect to Unity Package Manager local server
Refreshing native plugins compatible for Editor in 16.17 ms, found 20 plugins.
  % Total    % Received % Xferd  Average Speed   Time    Time     Time  Current
                                 Dload  Upload   Total   Spent    Left  Speed
  0     0    0     0    0     0      0      0 --:--:-- --:--:-- --:--:--     0100    29    0    29    0     0    133      0 --:--:-- --:--:-- --:--:--   134
[Package Manager] Failed to launch server process. Reason: Unity was launched with the -noUpm command-line argument
[Package Manager] Unable to send message (not connected to server process).
[Package Manager] Cannot connect to Unity Package Manager local server
[Package Manager] Failed to launch server process. Reason: Unity was launched with the -noUpm command-line argument
[Package Manager] Unable to send message (not connected to server process).
[Package Manager] Cannot connect to Unity Package Manager local server
System.Reflection.TargetInvocationException: Exception has been thrown by the target of an invocation. ---> System.NullReferenceException: Object reference not set to an instance of an object
  at Unity.XR.Oculus.OculusLoader.AssetPathToAbsolutePath (System.String assetPath) [0x0003d] in .\Library\PackageCache\com.unity.xr.oculus\Runtime\OculusLoader.cs:307 
  at Unity.XR.Oculus.OculusLoader.EditorLoadOVRPlugin () [0x0008c] in .\Library\PackageCache\com.unity.xr.oculus\Runtime\OculusLoader.cs:292 
  at (wrapper managed-to-native) System.Reflection.RuntimeMethodInfo.InternalInvoke(System.Reflection.RuntimeMethodInfo,object,object[],System.Exception&)
  at System.Reflection.RuntimeMethodInfo.Invoke (System.Object obj, System.Reflection.BindingFlags invokeAttr, System.Reflection.Binder binder, System.Object[] parameters, System.Globalization.CultureInfo culture) [0x0006a] in <ed969b0e627d471da4848289f9c322df>:0 
   --- End of inner exception stack trace ---
  at System.Reflection.RuntimeMethodInfo.Invoke (System.Object obj, System.Reflection.BindingFlags invokeAttr, System.Reflection.Binder binder, System.Object[] parameters, System.Globalization.CultureInfo culture) [0x00083] in <ed969b0e627d471da4848289f9c322df>:0 
  at System.Reflection.MethodBase.Invoke (System.Object obj, System.Object[] parameters) [0x00000] in <ed969b0e627d471da4848289f9c322df>:0 
  at UnityEditor.EditorAssemblies.ProcessInitializeOnLoadMethodAttributes () [0x00056] in <20f98a04ac634cc8bf5f95425bb19bb9>:0 
UnityEngine.Debug:ExtractStackTraceNoAlloc (byte*,int,string)
UnityEngine.StackTraceUtility:ExtractStackTrace ()
UnityEngine.DebugLogHandler:Internal_Log (UnityEngine.LogType,UnityEngine.LogOption,string,UnityEngine.Object)
UnityEngine.DebugLogHandler:LogFormat (UnityEngine.LogType,UnityEngine.Object,string,object[])
UnityEngine.Logger:Log (UnityEngine.LogType,object)
UnityEngine.Debug:LogError (object)
UnityEditor.EditorAssemblies:ProcessInitializeOnLoadMethodAttributes ()

Mono: successfully reloaded assembly
[Package Manager] Failed to launch server process. Reason: Unity was launched with the -noUpm command-line argument
[Package Manager] Unable to send message (not connected to server process).
[Package Manager] Cannot connect to Unity Package Manager local server
[Package Manager] Failed to launch server process. Reason: Unity was launched with the -noUpm command-line argument
[Package Manager] Unable to send message (not connected to server process).
[Package Manager] Cannot connect to Unity Package Manager local server
- Finished resetting the current domain, in  2.493 seconds
Domain Reload Profiling: 3528ms
	BeginReloadAssembly (165ms)
		ExecutionOrderSort (0ms)
		DisableScriptedObjects (6ms)
		BackupInstance (0ms)
		ReleaseScriptingObjects (0ms)
		CreateAndSetChildDomain (28ms)
	RebuildCommonClasses (36ms)
	RebuildNativeTypeToScriptingClass (12ms)
	initialDomainReloadingComplete (36ms)
	LoadAllAssembliesAndSetupDomain (785ms)
		LoadAssemblies (444ms)
		RebuildTransferFunctionScriptingTraits (0ms)
		AnalyzeDomain (440ms)
			TypeCache.Refresh (282ms)
				TypeCache.ScanAssembly (256ms)
			BuildScriptInfoCaches (128ms)
			ResolveRequiredComponents (27ms)
	FinalizeReload (2494ms)
		ReleaseScriptCaches (0ms)
		RebuildScriptCaches (0ms)
		SetupLoadedEditorAssemblies (2156ms)
			LogAssemblyErrors (0ms)
			InitializePlatformSupportModulesInManaged (11ms)
			SetLoadedEditorAssemblies (8ms)
			BeforeProcessingInitializeOnLoad (160ms)
			ProcessInitializeOnLoadAttributes (1735ms)
			ProcessInitializeOnLoadMethodAttributes (234ms)
			AfterProcessingInitializeOnLoad (8ms)
			EditorAssembliesLoaded (1ms)
		ExecutionOrderSort2 (0ms)
		AwakeInstancesAfterBackupRestoration (5ms)
Shader 'Meta/MRUK/Scene/HighlightsAndShadows': fallback shader 'Off' not found
Shader 'Oculus/OVRMRCameraFrameLit': fallback shader 'Alpha-Diffuse' not found
Launched and connected shader compiler UnityShaderCompiler.exe after 0.01 seconds
Refreshing native plugins compatible for Editor in 25.95 ms, found 20 plugins.
Preloading 3 native plugins for Editor in 0.14 ms.
Unloading 459 Unused Serialized files (Serialized files now loaded: 0)
Unloading 9138 unused Assets / (11.2 MB). Loaded Objects now: 10033.
Memory consumption went from 257.5 MB to 246.2 MB.
Total: 24.975100 ms (FindLiveObjects: 0.995100 ms CreateObjectMapping: 1.514800 ms MarkObjects: 17.419200 ms  DeleteObjects: 5.045300 ms)

========================================================================
Received Import Request.
  Time since last request: 41791.718986 seconds.
  path: Assets/XR/Settings/OpenXRPackageSettings.asset
  artifactKey: Guid(a9a6963505ddf7f4d886008c6dc86122) Importer(815301076,1909f56bfc062723c751e8b465ee728b)
Start importing Assets/XR/Settings/OpenXRPackageSettings.asset using Guid(a9a6963505ddf7f4d886008c6dc86122) Importer(815301076,1909f56bfc062723c751e8b465ee728b) (PreviewImporter) -> (artifact id: 'bee565882c993a40436f0778487117e3') in 0.0594975 seconds
Number of updated asset objects reloaded before import = 0Number of asset objects unloaded after import = 0

========================================================================
Received Import Request.
  Time since last request: 0.000017 seconds.
  path: Assets/StylizedCamp/Materials/M_StylizedCamp_gloss.mat
  artifactKey: Guid(28fe0d87ae7053641aa4aab34b0a0aec) Importer(815301076,1909f56bfc062723c751e8b465ee728b)
Start importing Assets/StylizedCamp/Materials/M_StylizedCamp_gloss.mat using Guid(28fe0d87ae7053641aa4aab34b0a0aec) Importer(815301076,1909f56bfc062723c751e8b465ee728b) (PreviewImporter) -> (artifact id: '43490c1476851c467ba61bc3661bd1a5') in 0.5017188 seconds
Number of updated asset objects reloaded before import = 0Number of asset objects unloaded after import = 2

========================================================================
Received Import Request.
  Time since last request: 1.475250 seconds.
  path: Assets/StylizedCamp/Mesh/SM_CampfireCookingPole.fbx
  artifactKey: Guid(47ca8faab0c1e504bb881772862c671c) Importer(815301076,1909f56bfc062723c751e8b465ee728b)
Start importing Assets/StylizedCamp/Mesh/SM_CampfireCookingPole.fbx using Guid(47ca8faab0c1e504bb881772862c671c) Importer(815301076,1909f56bfc062723c751e8b465ee728b) (PreviewImporter) -> (artifact id: '414bbc750e3de69a91351f2eb1ab0c2d') in 0.1641534 seconds
Number of updated asset objects reloaded before import = 0Number of asset objects unloaded after import = 9

========================================================================
Received Import Request.
  Time since last request: 1.407294 seconds.
  path: Assets/StylizedCamp/Materials/T_StylizedCamp_Glass.mat
  artifactKey: Guid(752a13947c421894d88268282d083516) Importer(815301076,1909f56bfc062723c751e8b465ee728b)
Start importing Assets/StylizedCamp/Materials/T_StylizedCamp_Glass.mat using Guid(752a13947c421894d88268282d083516) Importer(815301076,1909f56bfc062723c751e8b465ee728b) (PreviewImporter) -> (artifact id: '229e5540a5012fb01c47279e813783ae') in 0.0493664 seconds
Number of updated asset objects reloaded before import = 0Number of asset objects unloaded after import = 2

========================================================================
Received Import Request.
  Time since last request: 14.616464 seconds.
  path: Assets/DefaultVolumeProfile.asset
  artifactKey: Guid(b6d8050cecbe75e4c8b3445d5ccd33ff) Importer(815301076,1909f56bfc062723c751e8b465ee728b)
Start importing Assets/DefaultVolumeProfile.asset using Guid(b6d8050cecbe75e4c8b3445d5ccd33ff) Importer(815301076,1909f56bfc062723c751e8b465ee728b) (PreviewImporter) -> (artifact id: '5d4e69bf75da5aa3792ac62c61e88d2d') in 0.0008744 seconds
Number of updated asset objects reloaded before import = 0Number of asset objects unloaded after import = 0

========================================================================
Received Import Request.
  Time since last request: 0.000021 seconds.
  path: Assets/New Universal Render Pipeline Asset.asset
  artifactKey: Guid(ddfc388f00cefa04bae5e29bee918b4e) Importer(815301076,1909f56bfc062723c751e8b465ee728b)
Start importing Assets/New Universal Render Pipeline Asset.asset using Guid(ddfc388f00cefa04bae5e29bee918b4e) Importer(815301076,1909f56bfc062723c751e8b465ee728b) (PreviewImporter) -> (artifact id: 'c5d0e2e94e94108edacd6630130184fd') in 0.0009659 seconds
Number of updated asset objects reloaded before import = 0Number of asset objects unloaded after import = 0

========================================================================
Received Import Request.
  Time since last request: 7.874125 seconds.
  path: Assets/StylizedCamp/StylizedCamp.unity
  artifactKey: Guid(6884b1e9b485beb458ece29c4faf4395) Importer(815301076,1909f56bfc062723c751e8b465ee728b)
Start importing Assets/StylizedCamp/StylizedCamp.unity using Guid(6884b1e9b485beb458ece29c4faf4395) Importer(815301076,1909f56bfc062723c751e8b465ee728b) (PreviewImporter) -> (artifact id: '5162e73e75a49df30486379027a7fc4a') in 0.0005869 seconds
Number of updated asset objects reloaded before import = 0Number of asset objects unloaded after import = 0

========================================================================
Received Import Request.
  Time since last request: 22.348167 seconds.
  path: Assets/StylizedCamp/Textures
  artifactKey: Guid(3649364c8ca224848854445ff92cbbb2) Importer(815301076,1909f56bfc062723c751e8b465ee728b)
Start importing Assets/StylizedCamp/Textures using Guid(3649364c8ca224848854445ff92cbbb2) Importer(815301076,1909f56bfc062723c751e8b465ee728b) (PreviewImporter) -> (artifact id: '1c8971e99db08efb704adf5aa0f26aff') in 0.0008455 seconds
Number of updated asset objects reloaded before import = 0Number of asset objects unloaded after import = 0

========================================================================
Received Import Request.
  Time since last request: 42.798224 seconds.
  path: Assets/StylizedCamp/Materials
  artifactKey: Guid(52b6b293a1b580a4e988c7a7723ff778) Importer(815301076,1909f56bfc062723c751e8b465ee728b)
Start importing Assets/StylizedCamp/Materials using Guid(52b6b293a1b580a4e988c7a7723ff778) Importer(815301076,1909f56bfc062723c751e8b465ee728b) (PreviewImporter) -> (artifact id: '3feae12045f5a6b77812ee3b2c213f7e') in 0.0007421 seconds
Number of updated asset objects reloaded before import = 0Number of asset objects unloaded after import = 0

========================================================================
Received Import Request.
  Time since last request: 2.606801 seconds.
  path: Assets/StylizedCamp/Prefab
  artifactKey: Guid(0641328cbee922f4eb6b8beab2bc3062) Importer(815301076,1909f56bfc062723c751e8b465ee728b)
Start importing Assets/StylizedCamp/Prefab using Guid(0641328cbee922f4eb6b8beab2bc3062) Importer(815301076,1909f56bfc062723c751e8b465ee728b) (PreviewImporter) -> (artifact id: '4cce999d7a272cfcec8c87de2b2b6b04') in 0.0006338 seconds
Number of updated asset objects reloaded before import = 0Number of asset objects unloaded after import = 0

========================================================================
Received Import Request.
  Time since last request: 0.060966 seconds.
  path: Assets/StylizedCamp/Prefab/SM_Backpack_A.prefab
  artifactKey: Guid(31d189e1676d425488866facaf2aa7d8) Importer(815301076,1909f56bfc062723c751e8b465ee728b)
Start importing Assets/StylizedCamp/Prefab/SM_Backpack_A.prefab using Guid(31d189e1676d425488866facaf2aa7d8) Importer(815301076,1909f56bfc062723c751e8b465ee728b) (PreviewImporter) -> (artifact id: 'ad378e6f7e51d2cccbb599450cd25e9f') in 0.0122056 seconds
Number of updated asset objects reloaded before import = 0Number of asset objects unloaded after import = 10

========================================================================
Received Import Request.
  Time since last request: 0.000025 seconds.
  path: Assets/StylizedCamp/Prefab/SM_Binoculars.prefab
  artifactKey: Guid(2f79249c5390d5549820cbd79c8e28cd) Importer(815301076,1909f56bfc062723c751e8b465ee728b)
Start importing Assets/StylizedCamp/Prefab/SM_Binoculars.prefab using Guid(2f79249c5390d5549820cbd79c8e28cd) Importer(815301076,1909f56bfc062723c751e8b465ee728b) (PreviewImporter) -> (artifact id: 'bc2f23455896058c68e2a751287f2a94') in 0.0088951 seconds
Number of updated asset objects reloaded before import = 0Number of asset objects unloaded after import = 9

========================================================================
Received Import Request.
  Time since last request: 0.000030 seconds.
  path: Assets/StylizedCamp/Prefab/SM_Grass_B.prefab
  artifactKey: Guid(1fa6520b0f0cbf54fa3d21dadb889893) Importer(815301076,1909f56bfc062723c751e8b465ee728b)
Start importing Assets/StylizedCamp/Prefab/SM_Grass_B.prefab using Guid(1fa6520b0f0cbf54fa3d21dadb889893) Importer(815301076,1909f56bfc062723c751e8b465ee728b) (PreviewImporter) -> (artifact id: '93b44cc2796e8148074f143f5e8296a9') in 0.0084087 seconds
Number of updated asset objects reloaded before import = 0Number of asset objects unloaded after import = 9

========================================================================
Received Import Request.
  Time since last request: 0.000023 seconds.
  path: Assets/StylizedCamp/Prefab/SM_Compass.prefab
  artifactKey: Guid(9816a356d535cff40817fc52a8e93da8) Importer(815301076,1909f56bfc062723c751e8b465ee728b)
Start importing Assets/StylizedCamp/Prefab/SM_Compass.prefab using Guid(9816a356d535cff40817fc52a8e93da8) Importer(815301076,1909f56bfc062723c751e8b465ee728b) (PreviewImporter) -> (artifact id: '0891d72bc503abbdf124eeeadad69cec') in 0.0103472 seconds
Number of updated asset objects reloaded before import = 0Number of asset objects unloaded after import = 9

========================================================================
Received Import Request.
  Time since last request: 0.000024 seconds.
  path: Assets/StylizedCamp/Prefab/SM_Grass_A.prefab
  artifactKey: Guid(f187bfcd8403f2c4ebca4d4908d86054) Importer(815301076,1909f56bfc062723c751e8b465ee728b)
Start importing Assets/StylizedCamp/Prefab/SM_Grass_A.prefab using Guid(f187bfcd8403f2c4ebca4d4908d86054) Importer(815301076,1909f56bfc062723c751e8b465ee728b) (PreviewImporter) -> (artifact id: 'cd024fd1b07cb629a32d9136ee7e610b') in 0.0079282 seconds
Number of updated asset objects reloaded before import = 0Number of asset objects unloaded after import = 9

========================================================================
Received Import Request.
  Time since last request: 0.000024 seconds.
  path: Assets/StylizedCamp/Prefab/SM_Bonfire_A.prefab
  artifactKey: Guid(fc46360d505951a47984345512d601cd) Importer(815301076,1909f56bfc062723c751e8b465ee728b)
Start importing Assets/StylizedCamp/Prefab/SM_Bonfire_A.prefab using Guid(fc46360d505951a47984345512d601cd) Importer(815301076,1909f56bfc062723c751e8b465ee728b) (PreviewImporter) -> (artifact id: '0de00b2a7739f1e491336afdc739ccc6') in 0.0073 seconds
Number of updated asset objects reloaded before import = 0Number of asset objects unloaded after import = 9

========================================================================
Received Import Request.
  Time since last request: 0.000023 seconds.
  path: Assets/StylizedCamp/Prefab/SM_Cap.prefab
  artifactKey: Guid(e73c2b72134bba24caecce72a4750251) Importer(815301076,1909f56bfc062723c751e8b465ee728b)
Start importing Assets/StylizedCamp/Prefab/SM_Cap.prefab using Guid(e73c2b72134bba24caecce72a4750251) Importer(815301076,1909f56bfc062723c751e8b465ee728b) (PreviewImporter) -> (artifact id: '5e2fcaed4c94381f3085d84119c8833e') in 0.0070825 seconds
Number of updated asset objects reloaded before import = 0Number of asset objects unloaded after import = 9

========================================================================
Received Import Request.
  Time since last request: 0.000065 seconds.
  path: Assets/StylizedCamp/Prefab/SM_Bonfire_B.prefab
  artifactKey: Guid(7e5315b768b2b2a49b3c9dd551d912d4) Importer(815301076,1909f56bfc062723c751e8b465ee728b)
Start importing Assets/StylizedCamp/Prefab/SM_Bonfire_B.prefab using Guid(7e5315b768b2b2a49b3c9dd551d912d4) Importer(815301076,1909f56bfc062723c751e8b465ee728b) (PreviewImporter) -> (artifact id: 'fbca90f006220cf80b411c7da07cdbf4') in 0.0074038 seconds
Number of updated asset objects reloaded before import = 0Number of asset objects unloaded after import = 9

========================================================================
Received Import Request.
  Time since last request: 2.412321 seconds.
  path: Assets/StylizedCamp/Mesh
  artifactKey: Guid(546b677bed01340488f14afc4e73262c) Importer(815301076,1909f56bfc062723c751e8b465ee728b)
Start importing Assets/StylizedCamp/Mesh using Guid(546b677bed01340488f14afc4e73262c) Importer(815301076,1909f56bfc062723c751e8b465ee728b) (PreviewImporter) -> (artifact id: '5bb010669aab37852d51335bf6a1fabf') in 0.0006227 seconds
Number of updated asset objects reloaded before import = 0Number of asset objects unloaded after import = 0

========================================================================
Received Import Request.
  Time since last request: 22.059163 seconds.
  path: Assets/StylizedCamp/Mesh/SM_Backpack_B.fbx
  artifactKey: Guid(44fdfb37a8397ad40ae7c199fca99f95) Importer(815301076,1909f56bfc062723c751e8b465ee728b)
Start importing Assets/StylizedCamp/Mesh/SM_Backpack_B.fbx using Guid(44fdfb37a8397ad40ae7c199fca99f95) Importer(815301076,1909f56bfc062723c751e8b465ee728b) (PreviewImporter) -> (artifact id: '6dbb884f0e006e6f71a39e40420f0ced') in 0.0195673 seconds
Number of updated asset objects reloaded before import = 0Number of asset objects unloaded after import = 10

========================================================================
Received Import Request.
  Time since last request: 0.000024 seconds.
  path: Assets/StylizedCamp/Mesh/SM_Cot.fbx
  artifactKey: Guid(7b58e1296cab0064b9eb625ce8da7797) Importer(815301076,1909f56bfc062723c751e8b465ee728b)
Start importing Assets/StylizedCamp/Mesh/SM_Cot.fbx using Guid(7b58e1296cab0064b9eb625ce8da7797) Importer(815301076,1909f56bfc062723c751e8b465ee728b) (PreviewImporter) -> (artifact id: '035efc8a57e8fd293e1f64655370bf86') in 0.0160245 seconds
Number of updated asset objects reloaded before import = 0Number of asset objects unloaded after import = 10

========================================================================
Received Import Request.
  Time since last request: 0.000021 seconds.
  path: Assets/StylizedCamp/Mesh/SM_Flashlight.fbx
  artifactKey: Guid(c2d608cc9cf91d7498d8c4c0f03a6a28) Importer(815301076,1909f56bfc062723c751e8b465ee728b)
Start importing Assets/StylizedCamp/Mesh/SM_Flashlight.fbx using Guid(c2d608cc9cf91d7498d8c4c0f03a6a28) Importer(815301076,1909f56bfc062723c751e8b465ee728b) (PreviewImporter) -> (artifact id: '54193344c267b1385c0b4ccb779d7bd9') in 0.0162508 seconds
Number of updated asset objects reloaded before import = 0Number of asset objects unloaded after import = 10

========================================================================
Received Import Request.
  Time since last request: 0.000024 seconds.
  path: Assets/StylizedCamp/Mesh/SM_Binoculars.fbx
  artifactKey: Guid(c5f3afff5711a7244912d40249bbf78f) Importer(815301076,1909f56bfc062723c751e8b465ee728b)
Start importing Assets/StylizedCamp/Mesh/SM_Binoculars.fbx using Guid(c5f3afff5711a7244912d40249bbf78f) Importer(815301076,1909f56bfc062723c751e8b465ee728b) (PreviewImporter) -> (artifact id: '01b42f94d7c57d76ab673b028d87fea4') in 0.0128961 seconds
Number of updated asset objects reloaded before import = 0Number of asset objects unloaded after import = 9

========================================================================
Received Import Request.
  Time since last request: 0.000027 seconds.
  path: Assets/StylizedCamp/Mesh/SM_Bonfire_B.fbx
  artifactKey: Guid(8c65f3594cfe2d842abacc849ccd3ba6) Importer(815301076,1909f56bfc062723c751e8b465ee728b)
Start importing Assets/StylizedCamp/Mesh/SM_Bonfire_B.fbx using Guid(8c65f3594cfe2d842abacc849ccd3ba6) Importer(815301076,1909f56bfc062723c751e8b465ee728b) (PreviewImporter) -> (artifact id: 'ee0f877959f88afae7a7223dfde1cf7f') in 0.0124802 seconds
Number of updated asset objects reloaded before import = 0Number of asset objects unloaded after import = 9

========================================================================
Received Import Request.
  Time since last request: 0.000021 seconds.
  path: Assets/StylizedCamp/Mesh/SM_Compass.fbx
  artifactKey: Guid(1e92f0a68becada4883845ab9f7fbc5d) Importer(815301076,1909f56bfc062723c751e8b465ee728b)
Start importing Assets/StylizedCamp/Mesh/SM_Compass.fbx using Guid(1e92f0a68becada4883845ab9f7fbc5d) Importer(815301076,1909f56bfc062723c751e8b465ee728b) (PreviewImporter) -> (artifact id: '4faf3eb2802bc0cb541dfdf016782f33') in 0.0126035 seconds
Number of updated asset objects reloaded before import = 0Number of asset objects unloaded after import = 9

========================================================================
Received Import Request.
  Time since last request: 0.000024 seconds.
  path: Assets/StylizedCamp/Mesh/SM_CoolerBox.fbx
  artifactKey: Guid(849c8a7ed798aa0419ba472c0ca0cbc4) Importer(815301076,1909f56bfc062723c751e8b465ee728b)
Start importing Assets/StylizedCamp/Mesh/SM_CoolerBox.fbx using Guid(849c8a7ed798aa0419ba472c0ca0cbc4) Importer(815301076,1909f56bfc062723c751e8b465ee728b) (PreviewImporter) -> (artifact id: '6eea2721a57b58bd83293966bbdfd54b') in 0.0135373 seconds
Number of updated asset objects reloaded before import = 0Number of asset objects unloaded after import = 9

========================================================================
Received Import Request.
  Time since last request: 20.755393 seconds.
  path: Assets/StylizedCamp/Materials/T_StylizedCamp.mat
  artifactKey: Guid(733c21b9ddc3f974b8485fbe43db4cfb) Importer(815301076,1909f56bfc062723c751e8b465ee728b)
Start importing Assets/StylizedCamp/Materials/T_StylizedCamp.mat using Guid(733c21b9ddc3f974b8485fbe43db4cfb) Importer(815301076,1909f56bfc062723c751e8b465ee728b) (PreviewImporter) -> (artifact id: 'ec5702831dee5232389f243b929ebb70') in 0.0161791 seconds
Number of updated asset objects reloaded before import = 0Number of asset objects unloaded after import = 2

