Using pre-set license
Built from '6000.0/release' branch; Version is '6000.0.29f1 (9fafe5c9db65) revision 10465253'; Using compiler version '193933523'; Build Type 'Release'
OS: 'Windows 11  (10.0.22631) 64bit Core' Language: 'ko' Physical Memory: 7953 MB
BatchMode: 1, IsHumanControllingUs: 0, StartBugReporterOnCrash: 0, Is64bit: 1, IsPro: 1

COMMAND LINE ARGUMENTS:
C:\Program Files\Unity\Hub\Editor\6000.0.29f1\Editor\Unity.exe
-adb2
-batchMode
-noUpm
-name
AssetImportWorker5
-projectPath
C:/Users/silvi/OneDrive/ë°”íƒ• í™”ë©´/Project/25_Dorememe/Dorememe4
-logFile
Logs/AssetImportWorker5.log
-srvPort
65158
-job-worker-count
3
-background-job-worker-count
8
-asset-garbage-collectors
1
Successfully changed project path to: C:/Users/silvi/OneDrive/ë°”íƒ• í™”ë©´/Project/25_Dorememe/Dorememe4
C:/Users/silvi/OneDrive/ë°”íƒ• í™”ë©´/Project/25_Dorememe/Dorememe4
[UnityMemory] Configuration Parameters - Can be set up in boot.config
    "memorysetup-bucket-allocator-granularity=16"
    "memorysetup-bucket-allocator-bucket-count=8"
    "memorysetup-bucket-allocator-block-size=33554432"
    "memorysetup-bucket-allocator-block-count=8"
    "memorysetup-main-allocator-block-size=16777216"
    "memorysetup-thread-allocator-block-size=16777216"
    "memorysetup-gfx-main-allocator-block-size=16777216"
    "memorysetup-gfx-thread-allocator-block-size=16777216"
    "memorysetup-cache-allocator-block-size=4194304"
    "memorysetup-typetree-allocator-block-size=2097152"
    "memorysetup-profiler-bucket-allocator-granularity=16"
    "memorysetup-profiler-bucket-allocator-bucket-count=8"
    "memorysetup-profiler-bucket-allocator-block-size=33554432"
    "memorysetup-profiler-bucket-allocator-block-count=8"
    "memorysetup-profiler-allocator-block-size=16777216"
    "memorysetup-profiler-editor-allocator-block-size=1048576"
    "memorysetup-temp-allocator-size-main=16777216"
    "memorysetup-job-temp-allocator-block-size=2097152"
    "memorysetup-job-temp-allocator-block-size-background=1048576"
    "memorysetup-job-temp-allocator-reduction-small-platforms=262144"
    "memorysetup-allocator-temp-initial-block-size-main=262144"
    "memorysetup-allocator-temp-initial-block-size-worker=262144"
    "memorysetup-temp-allocator-size-background-worker=32768"
    "memorysetup-temp-allocator-size-job-worker=262144"
    "memorysetup-temp-allocator-size-preload-manager=33554432"
    "memorysetup-temp-allocator-size-nav-mesh-worker=65536"
    "memorysetup-temp-allocator-size-audio-worker=65536"
    "memorysetup-temp-allocator-size-cloud-worker=32768"
    "memorysetup-temp-allocator-size-gi-baking-worker=262144"
    "memorysetup-temp-allocator-size-gi-baking-worker=262144"
    "memorysetup-temp-allocator-size-gi-baking-worker=262144"
    "memorysetup-temp-allocator-size-gi-baking-worker=262144"
    "memorysetup-temp-allocator-size-gi-baking-worker=262144"
    "memorysetup-temp-allocator-size-gfx=262144"
Player connection [49140]  Target information:

Player connection [49140]  * "[IP] 192.168.45.226 [Port] 0 [Flags] 2 [Guid] 2148410113 [EditorId] 2148410113 [Version] 1048832 [Id] WindowsEditor(7,¹Ú¼­Á¤) [Debug] 1 [PackageName] WindowsEditor [ProjectName] Editor" 

Player connection [49140] Host joined multi-casting on [225.0.0.222:54997]...
Player connection [49140] Host joined alternative multi-casting on [225.0.0.222:34997]...
JobSystem: Creating JobQueue using job-worker-count value 3
[Physics::Module] Initialized fallback backend.
[Physics::Module] Id: 0xdecafbad
Library Redirect Path: Library/
[Physics::Module] Selected backend.
[Physics::Module] Name: PhysX
[Physics::Module] Id: 0xf2b8ea05
[Physics::Module] SDK Version: 4.1.2
[Physics::Module] Integration Version: 1.0.0
[Physics::Module] Threading Mode: Multi-Threaded
Refreshing native plugins compatible for Editor in 409.11 ms, found 18 plugins.
Unity memory allocator detected: MetaXRAudio native memory allocations will be tracked.
Preloading 3 native plugins for Editor in 20.31 ms.
Initialize engine version: 6000.0.29f1 (9fafe5c9db65)
[Subsystems] Discovering subsystems at path C:/Program Files/Unity/Hub/Editor/6000.0.29f1/Editor/Data/Resources/UnitySubsystems
[Subsystems] Discovering subsystems at path C:/Users/silvi/OneDrive/ë°”íƒ• í™”ë©´/Project/25_Dorememe/Dorememe4/Assets
GfxDevice: creating device client; kGfxThreadingModeNonThreaded
Direct3D:
    Version:  Direct3D 11.0 [level 11.1]
    Renderer: Intel(R) Iris(R) Plus Graphics (ID=0x8a5a)
    Vendor:   Intel
    VRAM:     3976 MB
    Driver:   27.20.100.8853
Shader 'Meta/MRUK/Scene/HighlightsAndShadows': fallback shader 'Off' not found
Shader 'Oculus/OVRMRCameraFrameLit': fallback shader 'Alpha-Diffuse' not found
Initialize mono
Mono path[0] = 'C:/Program Files/Unity/Hub/Editor/6000.0.29f1/Editor/Data/Managed'
Mono path[1] = 'C:/Program Files/Unity/Hub/Editor/6000.0.29f1/Editor/Data/MonoBleedingEdge/lib/mono/unityjit-win32'
Mono config path = 'C:/Program Files/Unity/Hub/Editor/6000.0.29f1/Editor/Data/MonoBleedingEdge/etc'
Using monoOptions --debugger-agent=transport=dt_socket,embedding=1,server=y,suspend=n,address=127.0.0.1:56252
Begin MonoManager ReloadAssembly
Registering precompiled unity dll's ...
Register platform support module: C:/Program Files/Unity/Hub/Editor/6000.0.29f1/Editor/Data/PlaybackEngines/WindowsStandaloneSupport/UnityEditor.WindowsStandalone.Extensions.dll
Register platform support module: C:/Program Files/Unity/Hub/Editor/6000.0.29f1/Editor/Data/PlaybackEngines/AndroidPlayer/UnityEditor.Android.Extensions.dll
Registered in 0.024962 seconds.
- Loaded All Assemblies, in  2.161 seconds
Native extension for Android target not found
Android Extension - Scanning For ADB Devices 976 ms
Native extension for WindowsStandalone target not found
Mono: successfully reloaded assembly
- Finished resetting the current domain, in  2.753 seconds
Domain Reload Profiling: 4905ms
	BeginReloadAssembly (1133ms)
		ExecutionOrderSort (0ms)
		DisableScriptedObjects (0ms)
		BackupInstance (0ms)
		ReleaseScriptingObjects (0ms)
		CreateAndSetChildDomain (5ms)
	RebuildCommonClasses (159ms)
	RebuildNativeTypeToScriptingClass (56ms)
	initialDomainReloadingComplete (199ms)
	LoadAllAssembliesAndSetupDomain (605ms)
		LoadAssemblies (1111ms)
		RebuildTransferFunctionScriptingTraits (0ms)
		AnalyzeDomain (596ms)
			TypeCache.Refresh (592ms)
				TypeCache.ScanAssembly (549ms)
			BuildScriptInfoCaches (0ms)
			ResolveRequiredComponents (1ms)
	FinalizeReload (2754ms)
		ReleaseScriptCaches (0ms)
		RebuildScriptCaches (0ms)
		SetupLoadedEditorAssemblies (2532ms)
			LogAssemblyErrors (0ms)
			InitializePlatformSupportModulesInManaged (1412ms)
			SetLoadedEditorAssemblies (15ms)
			BeforeProcessingInitializeOnLoad (30ms)
			ProcessInitializeOnLoadAttributes (715ms)
			ProcessInitializeOnLoadMethodAttributes (331ms)
			AfterProcessingInitializeOnLoad (29ms)
			EditorAssembliesLoaded (0ms)
		ExecutionOrderSort2 (0ms)
		AwakeInstancesAfterBackupRestoration (0ms)
========================================================================
Worker process is ready to serve import requests
Import Worker Mode flag is 0x00
Begin MonoManager ReloadAssembly
- Loaded All Assemblies, in  6.550 seconds
Script 'CharacterController' has the same name as built-in Unity component.
AddComponent and GetComponent will not work with this script.
'Packages/com.meta.xr.sdk.core/Editor/BuildingBlocks/BlocksWindow.cs' contains partial class of Unity.Object, exactly 1 of the partial classes needs to be in a file with the same filename. This is to know the one that can be referenced from ie. GameObjects
'Packages/com.meta.xr.sdk.core/Editor/BuildingBlocks/BlocksWindowDetailsExtension.cs' contains partial class of Unity.Object, exactly 1 of the partial classes needs to be in a file with the same filename. This is to know the one that can be referenced from ie. GameObjects
'Packages/com.meta.xr.sdk.core/Editor/BuildingBlocks/BlocksWindowCollectionsPageExtension.cs' contains partial class of Unity.Object, exactly 1 of the partial classes needs to be in a file with the same filename. This is to know the one that can be referenced from ie. GameObjects
Refreshing native plugins compatible for Editor in 293.41 ms, found 18 plugins.
Native extension for Android target not found
Native extension for WindowsStandalone target not found
Package Manager log level set to [2]
[Package Manager] Failed to launch server process. Reason: Unity was launched with the -noUpm command-line argument
[Package Manager] Unable to send message (not connected to server process).
[Package Manager] Cannot connect to Unity Package Manager local server
[Package Manager] Failed to launch server process. Reason: Unity was launched with the -noUpm command-line argument
[Package Manager] Unable to send message (not connected to server process).
[Package Manager] Cannot connect to Unity Package Manager local server
Refreshing native plugins compatible for Editor in 247.12 ms, found 18 plugins.
[Package Manager] Failed to launch server process. Reason: Unity was launched with the -noUpm command-line argument
[Package Manager] Unable to send message (not connected to server process).
[Package Manager] Cannot connect to Unity Package Manager local server
[Package Manager] Failed to launch server process. Reason: Unity was launched with the -noUpm command-line argument
[Package Manager] Unable to send message (not connected to server process).
[Package Manager] Cannot connect to Unity Package Manager local server
System.Reflection.TargetInvocationException: Exception has been thrown by the target of an invocation. ---> System.NullReferenceException: Object reference not set to an instance of an object
  at Unity.XR.Oculus.OculusLoader.AssetPathToAbsolutePath (System.String assetPath) [0x0003d] in .\Library\PackageCache\com.unity.xr.oculus\Runtime\OculusLoader.cs:307 
  at Unity.XR.Oculus.OculusLoader.EditorLoadOVRPlugin () [0x0008c] in .\Library\PackageCache\com.unity.xr.oculus\Runtime\OculusLoader.cs:292 
  at (wrapper managed-to-native) System.Reflection.RuntimeMethodInfo.InternalInvoke(System.Reflection.RuntimeMethodInfo,object,object[],System.Exception&)
  at System.Reflection.RuntimeMethodInfo.Invoke (System.Object obj, System.Reflection.BindingFlags invokeAttr, System.Reflection.Binder binder, System.Object[] parameters, System.Globalization.CultureInfo culture) [0x0006a] in <ed969b0e627d471da4848289f9c322df>:0 
   --- End of inner exception stack trace ---
  at System.Reflection.RuntimeMethodInfo.Invoke (System.Object obj, System.Reflection.BindingFlags invokeAttr, System.Reflection.Binder binder, System.Object[] parameters, System.Globalization.CultureInfo culture) [0x00083] in <ed969b0e627d471da4848289f9c322df>:0 
  at System.Reflection.MethodBase.Invoke (System.Object obj, System.Object[] parameters) [0x00000] in <ed969b0e627d471da4848289f9c322df>:0 
  at UnityEditor.EditorAssemblies.ProcessInitializeOnLoadMethodAttributes () [0x00056] in <20f98a04ac634cc8bf5f95425bb19bb9>:0 
UnityEngine.Debug:ExtractStackTraceNoAlloc (byte*,int,string)
UnityEngine.StackTraceUtility:ExtractStackTrace ()
UnityEngine.DebugLogHandler:Internal_Log (UnityEngine.LogType,UnityEngine.LogOption,string,UnityEngine.Object)
UnityEngine.DebugLogHandler:LogFormat (UnityEngine.LogType,UnityEngine.Object,string,object[])
UnityEngine.Logger:Log (UnityEngine.LogType,object)
UnityEngine.Debug:LogError (object)
UnityEditor.EditorAssemblies:ProcessInitializeOnLoadMethodAttributes ()

Mono: successfully reloaded assembly
[Package Manager] Failed to launch server process. Reason: Unity was launched with the -noUpm command-line argument
[Package Manager] Unable to send message (not connected to server process).
[Package Manager] Cannot connect to Unity Package Manager local server
[Package Manager] Failed to launch server process. Reason: Unity was launched with the -noUpm command-line argument
[Package Manager] Unable to send message (not connected to server process).
[Package Manager] Cannot connect to Unity Package Manager local server
- Finished resetting the current domain, in 11.983 seconds
Domain Reload Profiling: 18512ms
	BeginReloadAssembly (366ms)
		ExecutionOrderSort (0ms)
		DisableScriptedObjects (11ms)
		BackupInstance (0ms)
		ReleaseScriptingObjects (0ms)
		CreateAndSetChildDomain (65ms)
	RebuildCommonClasses (85ms)
	RebuildNativeTypeToScriptingClass (37ms)
	initialDomainReloadingComplete (125ms)
	LoadAllAssembliesAndSetupDomain (5914ms)
		LoadAssemblies (3221ms)
		RebuildTransferFunctionScriptingTraits (0ms)
		AnalyzeDomain (2906ms)
			TypeCache.Refresh (2101ms)
				TypeCache.ScanAssembly (1976ms)
			BuildScriptInfoCaches (719ms)
			ResolveRequiredComponents (76ms)
	FinalizeReload (11985ms)
		ReleaseScriptCaches (0ms)
		RebuildScriptCaches (0ms)
		SetupLoadedEditorAssemblies (10647ms)
			LogAssemblyErrors (0ms)
			InitializePlatformSupportModulesInManaged (57ms)
			SetLoadedEditorAssemblies (37ms)
			BeforeProcessingInitializeOnLoad (1136ms)
			ProcessInitializeOnLoadAttributes (8382ms)
			ProcessInitializeOnLoadMethodAttributes (1004ms)
			AfterProcessingInitializeOnLoad (31ms)
			EditorAssembliesLoaded (1ms)
		ExecutionOrderSort2 (0ms)
		AwakeInstancesAfterBackupRestoration (15ms)
Shader 'Meta/MRUK/Scene/HighlightsAndShadows': fallback shader 'Off' not found
Shader 'Oculus/OVRMRCameraFrameLit': fallback shader 'Alpha-Diffuse' not found
Launched and connected shader compiler UnityShaderCompiler.exe after 0.07 seconds
Refreshing native plugins compatible for Editor in 242.27 ms, found 18 plugins.
Preloading 3 native plugins for Editor in 0.55 ms.
Unloading 311 Unused Serialized files (Serialized files now loaded: 0)
Unloading 8725 unused Assets / (7.1 MB). Loaded Objects now: 9524.
Memory consumption went from 219.6 MB to 212.5 MB.
Total: 84.908000 ms (FindLiveObjects: 4.384500 ms CreateObjectMapping: 1.586000 ms MarkObjects: 64.743300 ms  DeleteObjects: 14.187600 ms)

========================================================================
Received Import Request.
  Time since last request: 257872.869426 seconds.
  path: Assets/TextMesh Pro/Resources/Sprite Assets/InlineIcons.png
  artifactKey: Guid(215687feeab0b7445b4a1cd86c82c2e1) Importer(815301076,1909f56bfc062723c751e8b465ee728b)
Start importing Assets/TextMesh Pro/Resources/Sprite Assets/InlineIcons.png using Guid(215687feeab0b7445b4a1cd86c82c2e1) Importer(815301076,1909f56bfc062723c751e8b465ee728b) (PreviewImporter) -> (artifact id: '8e46484d1907d62474d47fad50b18bd0') in 5.1902045 seconds
Number of updated asset objects reloaded before import = 0Number of asset objects unloaded after import = 207

========================================================================
Received Import Request.
  Time since last request: 0.002102 seconds.
  path: Assets/UModelerX_ThemePark_URP_Editable/UModeler-Hub/Editor/Resources/Tripolygon/UModeler/Hub/Views/Controls/HubCountryBox/PS.png
  artifactKey: Guid(35f576a9b3f584c639c8d97f90472513) Importer(815301076,1909f56bfc062723c751e8b465ee728b)
Start importing Assets/UModelerX_ThemePark_URP_Editable/UModeler-Hub/Editor/Resources/Tripolygon/UModeler/Hub/Views/Controls/HubCountryBox/PS.png using Guid(35f576a9b3f584c639c8d97f90472513) Importer(815301076,1909f56bfc062723c751e8b465ee728b) (PreviewImporter) -> (artifact id: '1137f4c44e3d166fbbb200e7da5ae8bc') in 0.111109 seconds
Number of updated asset objects reloaded before import = 0Number of asset objects unloaded after import = 3

========================================================================
Received Import Request.
  Time since last request: 0.000113 seconds.
  path: Assets/UModelerX_ThemePark_URP_Editable/UModeler-Hub/Editor/Resources/Tripolygon/UModeler/Hub/Views/Controls/HubCountryBox/SC.png
  artifactKey: Guid(1eeb3953ba8d14ab487366d7a4c5adac) Importer(815301076,1909f56bfc062723c751e8b465ee728b)
Start importing Assets/UModelerX_ThemePark_URP_Editable/UModeler-Hub/Editor/Resources/Tripolygon/UModeler/Hub/Views/Controls/HubCountryBox/SC.png using Guid(1eeb3953ba8d14ab487366d7a4c5adac) Importer(815301076,1909f56bfc062723c751e8b465ee728b) (PreviewImporter) -> (artifact id: '49caa6106dee2a62dc79177e6217cd3c') in 0.1621895 seconds
Number of updated asset objects reloaded before import = 0Number of asset objects unloaded after import = 3

========================================================================
Received Import Request.
  Time since last request: 0.000067 seconds.
  path: Assets/UModelerX_ThemePark_URP_Editable/UModeler-Hub/Editor/Resources/Tripolygon/UModeler/Hub/Views/Controls/HubCountryBox/RU.png
  artifactKey: Guid(fd65bb5daab424facbf18a93e6d10739) Importer(815301076,1909f56bfc062723c751e8b465ee728b)
Start importing Assets/UModelerX_ThemePark_URP_Editable/UModeler-Hub/Editor/Resources/Tripolygon/UModeler/Hub/Views/Controls/HubCountryBox/RU.png using Guid(fd65bb5daab424facbf18a93e6d10739) Importer(815301076,1909f56bfc062723c751e8b465ee728b) (PreviewImporter) -> (artifact id: 'd283a38dcc0dab7e833dcc3c78e9d88f') in 0.1252117 seconds
Number of updated asset objects reloaded before import = 0Number of asset objects unloaded after import = 3

========================================================================
Received Import Request.
  Time since last request: 0.000060 seconds.
  path: Assets/UModelerX_ThemePark_URP_Editable/UModeler-Hub/Editor/Resources/Tripolygon/UModeler/Hub/Views/Controls/HubCountryBox/PH.png
  artifactKey: Guid(69ac053b7f5a64f3eaf16d2aca8a92e2) Importer(815301076,1909f56bfc062723c751e8b465ee728b)
Start importing Assets/UModelerX_ThemePark_URP_Editable/UModeler-Hub/Editor/Resources/Tripolygon/UModeler/Hub/Views/Controls/HubCountryBox/PH.png using Guid(69ac053b7f5a64f3eaf16d2aca8a92e2) Importer(815301076,1909f56bfc062723c751e8b465ee728b) (PreviewImporter) -> (artifact id: '9a4aef3d27f2bddbef29458c23f7d05c') in 0.0783166 seconds
Number of updated asset objects reloaded before import = 0Number of asset objects unloaded after import = 3

========================================================================
Received Import Request.
  Time since last request: 0.000088 seconds.
  path: Assets/UModelerX_ThemePark_URP_Editable/UModeler-Hub/Editor/Resources/Tripolygon/UModeler/Hub/Views/Hubs/CaptionView/SignIn@2x.png
  artifactKey: Guid(b0e30318a2d4c45d4ac74f1b49904ecb) Importer(815301076,1909f56bfc062723c751e8b465ee728b)
Start importing Assets/UModelerX_ThemePark_URP_Editable/UModeler-Hub/Editor/Resources/Tripolygon/UModeler/Hub/Views/Hubs/CaptionView/SignIn@2x.png using Guid(b0e30318a2d4c45d4ac74f1b49904ecb) Importer(815301076,1909f56bfc062723c751e8b465ee728b) (PreviewImporter) -> (artifact id: 'dd61df1454e05a74ae7ebf5845f7a623') in 0.1402483 seconds
Number of updated asset objects reloaded before import = 0Number of asset objects unloaded after import = 3

========================================================================
Received Import Request.
  Time since last request: 0.000059 seconds.
  path: Assets/UModelerX_ThemePark_URP_Editable/UModeler-Hub/Editor/Resources/Tripolygon/UModeler/Hub/Views/Hubs/Homes/ProductsView.png
  artifactKey: Guid(bcc1c2e3dc9714b409197574a3329835) Importer(815301076,1909f56bfc062723c751e8b465ee728b)
Start importing Assets/UModelerX_ThemePark_URP_Editable/UModeler-Hub/Editor/Resources/Tripolygon/UModeler/Hub/Views/Hubs/Homes/ProductsView.png using Guid(bcc1c2e3dc9714b409197574a3329835) Importer(815301076,1909f56bfc062723c751e8b465ee728b) (PreviewImporter) -> (artifact id: '39b404d55c2d7eceae9e5a0c15454dac') in 0.0660321 seconds
Number of updated asset objects reloaded before import = 0Number of asset objects unloaded after import = 3

========================================================================
Received Import Request.
  Time since last request: 0.000073 seconds.
  path: Assets/UModelerX_ThemePark_URP_Editable/UModeler-Hub/Editor/Resources/Tripolygon/UModeler/Hub/Views/Hubs/NotificationView/ReddotLarge.png
  artifactKey: Guid(d06bdd3c2c7c042319a1f9cd179e0a13) Importer(815301076,1909f56bfc062723c751e8b465ee728b)
Start importing Assets/UModelerX_ThemePark_URP_Editable/UModeler-Hub/Editor/Resources/Tripolygon/UModeler/Hub/Views/Hubs/NotificationView/ReddotLarge.png using Guid(d06bdd3c2c7c042319a1f9cd179e0a13) Importer(815301076,1909f56bfc062723c751e8b465ee728b) (PreviewImporter) -> (artifact id: 'e8945e9ff0875a0b104b67d16bc1bf48') in 0.0853365 seconds
Number of updated asset objects reloaded before import = 0Number of asset objects unloaded after import = 3

========================================================================
Received Import Request.
  Time since last request: 0.000082 seconds.
  path: Assets/UModelerX_ThemePark_URP_Editable/UModeler-Hub/Editor/Resources/Tripolygon/UModeler/Hub/Views/Controls/HubCountryBox/PF.png
  artifactKey: Guid(ca86ab05bbf504922a15eadd881778cf) Importer(815301076,1909f56bfc062723c751e8b465ee728b)
Start importing Assets/UModelerX_ThemePark_URP_Editable/UModeler-Hub/Editor/Resources/Tripolygon/UModeler/Hub/Views/Controls/HubCountryBox/PF.png using Guid(ca86ab05bbf504922a15eadd881778cf) Importer(815301076,1909f56bfc062723c751e8b465ee728b) (PreviewImporter) -> (artifact id: '0820d354a5d6ad6ee15a5551f8b79f73') in 0.482863 seconds
Number of updated asset objects reloaded before import = 0Number of asset objects unloaded after import = 3

========================================================================
Received Import Request.
  Time since last request: 0.000060 seconds.
  path: Assets/UModelerX_ThemePark_URP_Editable/UModeler-Hub/Editor/Resources/Tripolygon/UModeler/Hub/Views/Hubs/HubSignInView/SignInWithGoogle@2x.png
  artifactKey: Guid(988d0fa09ce32cf418446969e8ea5ada) Importer(815301076,1909f56bfc062723c751e8b465ee728b)
Start importing Assets/UModelerX_ThemePark_URP_Editable/UModeler-Hub/Editor/Resources/Tripolygon/UModeler/Hub/Views/Hubs/HubSignInView/SignInWithGoogle@2x.png using Guid(988d0fa09ce32cf418446969e8ea5ada) Importer(815301076,1909f56bfc062723c751e8b465ee728b) (PreviewImporter) -> (artifact id: 'd1d22370268559e94eb12e58ce2cb160') in 0.097177 seconds
Number of updated asset objects reloaded before import = 0Number of asset objects unloaded after import = 3

========================================================================
Received Import Request.
  Time since last request: 0.000063 seconds.
  path: Assets/UModelerX_ThemePark_URP_Editable/UModeler-Hub/Editor/Resources/Tripolygon/UModeler/Hub/Views/Controls/HubCountryBox/QA.png
  artifactKey: Guid(3bed176816c1b47f38de9788891ffb91) Importer(815301076,1909f56bfc062723c751e8b465ee728b)
Start importing Assets/UModelerX_ThemePark_URP_Editable/UModeler-Hub/Editor/Resources/Tripolygon/UModeler/Hub/Views/Controls/HubCountryBox/QA.png using Guid(3bed176816c1b47f38de9788891ffb91) Importer(815301076,1909f56bfc062723c751e8b465ee728b) (PreviewImporter) -> (artifact id: '84a1df5b362aec0e784610fe37cbf17e') in 0.1691954 seconds
Number of updated asset objects reloaded before import = 0Number of asset objects unloaded after import = 3

========================================================================
Received Import Request.
  Time since last request: 0.000047 seconds.
  path: Assets/UModelerX_ThemePark_URP_Editable/UModeler-Hub/Editor/Resources/Tripolygon/UModeler/Hub/Views/Hubs/Homes/ProductItemView/ShowContext.png
  artifactKey: Guid(7541fa948e9fd4c3890e8ec2d07837c3) Importer(815301076,1909f56bfc062723c751e8b465ee728b)
Start importing Assets/UModelerX_ThemePark_URP_Editable/UModeler-Hub/Editor/Resources/Tripolygon/UModeler/Hub/Views/Hubs/Homes/ProductItemView/ShowContext.png using Guid(7541fa948e9fd4c3890e8ec2d07837c3) Importer(815301076,1909f56bfc062723c751e8b465ee728b) (PreviewImporter) -> (artifact id: 'c123e92ddb01697711b3bef884b9bad1') in 0.1682389 seconds
Number of updated asset objects reloaded before import = 0Number of asset objects unloaded after import = 3

========================================================================
Received Import Request.
  Time since last request: 0.000243 seconds.
  path: Assets/VRTemplateAssets/Sprites/UI/Round Radius 10 Top.png
  artifactKey: Guid(de0113b98aad70a419960e61a7d8d6ef) Importer(815301076,1909f56bfc062723c751e8b465ee728b)
Start importing Assets/VRTemplateAssets/Sprites/UI/Round Radius 10 Top.png using Guid(de0113b98aad70a419960e61a7d8d6ef) Importer(815301076,1909f56bfc062723c751e8b465ee728b) (PreviewImporter) -> (artifact id: '6088bc14945e28bce8014c116598baa0') in 0.9304921 seconds
Number of updated asset objects reloaded before import = 0Number of asset objects unloaded after import = 3

========================================================================
Received Import Request.
  Time since last request: 0.000048 seconds.
  path: Assets/UModelerX_ThemePark_URP_Editable/UModeler-Hub/Editor/Resources/Tripolygon/UModeler/Hub/Views/Controls/HubCountryBox/SI.png
  artifactKey: Guid(3f014daebe9f6475099bff702c7f8f32) Importer(815301076,1909f56bfc062723c751e8b465ee728b)
Start importing Assets/UModelerX_ThemePark_URP_Editable/UModeler-Hub/Editor/Resources/Tripolygon/UModeler/Hub/Views/Controls/HubCountryBox/SI.png using Guid(3f014daebe9f6475099bff702c7f8f32) Importer(815301076,1909f56bfc062723c751e8b465ee728b) (PreviewImporter) -> (artifact id: '1b8f9d95dbf127dc34cb0916d9c65d9b') in 0.1031671 seconds
Number of updated asset objects reloaded before import = 0Number of asset objects unloaded after import = 3

========================================================================
Received Import Request.
  Time since last request: 0.000070 seconds.
  path: Assets/UModelerX_ThemePark_URP_Editable/UModeler-Hub/Editor/Resources/Tripolygon/UModeler/Hub/Views/Controls/HubCountryBox/SB.png
  artifactKey: Guid(8acd0020d7ba5478e8974fa684460cdd) Importer(815301076,1909f56bfc062723c751e8b465ee728b)
Start importing Assets/UModelerX_ThemePark_URP_Editable/UModeler-Hub/Editor/Resources/Tripolygon/UModeler/Hub/Views/Controls/HubCountryBox/SB.png using Guid(8acd0020d7ba5478e8974fa684460cdd) Importer(815301076,1909f56bfc062723c751e8b465ee728b) (PreviewImporter) -> (artifact id: 'a9c0a1f89f637a9aa6621e5ca41a1611') in 0.0832342 seconds
Number of updated asset objects reloaded before import = 0Number of asset objects unloaded after import = 3

========================================================================
Received Import Request.
  Time since last request: 0.000093 seconds.
  path: Assets/UModelerX_ThemePark_URP_Editable/UModeler-Hub/Editor/Resources/Tripolygon/UModeler/Hub/Views/Controls/HubCountryBox/SH.png
  artifactKey: Guid(6a7a5028b4a7c47c2979b56a6e766629) Importer(815301076,1909f56bfc062723c751e8b465ee728b)
Start importing Assets/UModelerX_ThemePark_URP_Editable/UModeler-Hub/Editor/Resources/Tripolygon/UModeler/Hub/Views/Controls/HubCountryBox/SH.png using Guid(6a7a5028b4a7c47c2979b56a6e766629) Importer(815301076,1909f56bfc062723c751e8b465ee728b) (PreviewImporter) -> (artifact id: '6a6f0ab4cf38b3cf0c93270ab4a40e6d') in 0.1305623 seconds
Number of updated asset objects reloaded before import = 0Number of asset objects unloaded after import = 3

========================================================================
Received Import Request.
  Time since last request: 0.000096 seconds.
  path: Assets/UModelerX_ThemePark_URP_Editable/UModeler-Hub/Editor/Resources/Tripolygon/UModeler/Hub/Views/Hubs/CaptionView/SignOut.png
  artifactKey: Guid(9c0a135f9942e43f6b59825b21e51e4d) Importer(815301076,1909f56bfc062723c751e8b465ee728b)
Start importing Assets/UModelerX_ThemePark_URP_Editable/UModeler-Hub/Editor/Resources/Tripolygon/UModeler/Hub/Views/Hubs/CaptionView/SignOut.png using Guid(9c0a135f9942e43f6b59825b21e51e4d) Importer(815301076,1909f56bfc062723c751e8b465ee728b) (PreviewImporter) -> (artifact id: '4b79a5e6b60e668a212a5e64e96df5c9') in 0.110927 seconds
Number of updated asset objects reloaded before import = 0Number of asset objects unloaded after import = 3

========================================================================
Received Import Request.
  Time since last request: 0.000066 seconds.
  path: Assets/VRTemplateAssets/Materials/Anchor Materials/Anchor Glow Gradient.png
  artifactKey: Guid(7461125ec591a1548883bd61123e9138) Importer(815301076,1909f56bfc062723c751e8b465ee728b)
Start importing Assets/VRTemplateAssets/Materials/Anchor Materials/Anchor Glow Gradient.png using Guid(7461125ec591a1548883bd61123e9138) Importer(815301076,1909f56bfc062723c751e8b465ee728b) (PreviewImporter) -> (artifact id: '4939b58d3c9a7ec722be946310b951f6') in 0.1008278 seconds
Number of updated asset objects reloaded before import = 0Number of asset objects unloaded after import = 3

========================================================================
Received Import Request.
  Time since last request: 0.000117 seconds.
  path: Assets/UModelerX_ThemePark_URP_Editable/UModeler-Hub/Editor/Resources/Tripolygon/UModeler/Hub/Views/Hubs/Accounts/AccountChangePasswordView.png
  artifactKey: Guid(c87967aad14e2476eafedf764aab37ef) Importer(815301076,1909f56bfc062723c751e8b465ee728b)
Start importing Assets/UModelerX_ThemePark_URP_Editable/UModeler-Hub/Editor/Resources/Tripolygon/UModeler/Hub/Views/Hubs/Accounts/AccountChangePasswordView.png using Guid(c87967aad14e2476eafedf764aab37ef) Importer(815301076,1909f56bfc062723c751e8b465ee728b) (PreviewImporter) -> (artifact id: '79dab355569782a6b9a32973065b3408') in 0.087763 seconds
Number of updated asset objects reloaded before import = 0Number of asset objects unloaded after import = 3

========================================================================
Received Import Request.
  Time since last request: 0.000047 seconds.
  path: Assets/UModelerX_ThemePark_URP_Editable/UModeler-Hub/Editor/Resources/Tripolygon/UModeler/Hub/Views/Controls/HubCountryBox/BR.png
  artifactKey: Guid(ccc8cb289d37b4ab1a008b18b70c4d89) Importer(815301076,1909f56bfc062723c751e8b465ee728b)
Start importing Assets/UModelerX_ThemePark_URP_Editable/UModeler-Hub/Editor/Resources/Tripolygon/UModeler/Hub/Views/Controls/HubCountryBox/BR.png using Guid(ccc8cb289d37b4ab1a008b18b70c4d89) Importer(815301076,1909f56bfc062723c751e8b465ee728b) (PreviewImporter) -> (artifact id: '97114ecc72071836ce9796ad61e420d6') in 0.0909955 seconds
Number of updated asset objects reloaded before import = 0Number of asset objects unloaded after import = 3

========================================================================
Received Import Request.
  Time since last request: 0.000052 seconds.
  path: Assets/UModelerX_ThemePark_URP_Editable/UModeler-Hub/Editor/Resources/Tripolygon/UModeler/Views/Developments/CurveSources/CurveSourceView/Add@2x.png
  artifactKey: Guid(0f51a1fb2d75643b8974dbc3db4ee025) Importer(815301076,1909f56bfc062723c751e8b465ee728b)
Start importing Assets/UModelerX_ThemePark_URP_Editable/UModeler-Hub/Editor/Resources/Tripolygon/UModeler/Views/Developments/CurveSources/CurveSourceView/Add@2x.png using Guid(0f51a1fb2d75643b8974dbc3db4ee025) Importer(815301076,1909f56bfc062723c751e8b465ee728b) (PreviewImporter) -> (artifact id: '340b2acf968fb5089c1815831266b61f') in 0.1040195 seconds
Number of updated asset objects reloaded before import = 0Number of asset objects unloaded after import = 3

========================================================================
Received Import Request.
  Time since last request: 0.000053 seconds.
  path: Assets/UModelerX_ThemePark_URP_Editable/UModeler-Hub/Editor/Resources/Tripolygon/UModeler/Hub/Views/Hubs/Accounts/AccountUnsubscribingView@2x.png
  artifactKey: Guid(62047cb607859459da6146564aaf516a) Importer(815301076,1909f56bfc062723c751e8b465ee728b)
Start importing Assets/UModelerX_ThemePark_URP_Editable/UModeler-Hub/Editor/Resources/Tripolygon/UModeler/Hub/Views/Hubs/Accounts/AccountUnsubscribingView@2x.png using Guid(62047cb607859459da6146564aaf516a) Importer(815301076,1909f56bfc062723c751e8b465ee728b) (PreviewImporter) -> (artifact id: '1fb54c60824ecb919c2bb4bdad91bfe3') in 0.1746273 seconds
Number of updated asset objects reloaded before import = 0Number of asset objects unloaded after import = 3

========================================================================
Received Import Request.
  Time since last request: 0.000090 seconds.
  path: Assets/UModelerX_ThemePark_URP_Editable/UModeler-Hub/Editor/Resources/Tripolygon/UModeler/Hub/Views/Hubs/CaptionView/CaptionView.png
  artifactKey: Guid(0aabbb715d6384a89b1546d4dce4d344) Importer(815301076,1909f56bfc062723c751e8b465ee728b)
Start importing Assets/UModelerX_ThemePark_URP_Editable/UModeler-Hub/Editor/Resources/Tripolygon/UModeler/Hub/Views/Hubs/CaptionView/CaptionView.png using Guid(0aabbb715d6384a89b1546d4dce4d344) Importer(815301076,1909f56bfc062723c751e8b465ee728b) (PreviewImporter) -> (artifact id: '85f6bf966f144fb497230b995f1651d4') in 0.0978609 seconds
Number of updated asset objects reloaded before import = 0Number of asset objects unloaded after import = 3

========================================================================
Received Import Request.
  Time since last request: 0.000062 seconds.
  path: Assets/UModelerX_ThemePark_URP_Editable/UModeler-Hub/Editor/Resources/Tripolygon/UModeler/Hub/Views/Controls/HubCountryBox/AW.png
  artifactKey: Guid(1ba19f8d9202f4a9592b946388a4c31e) Importer(815301076,1909f56bfc062723c751e8b465ee728b)
Start importing Assets/UModelerX_ThemePark_URP_Editable/UModeler-Hub/Editor/Resources/Tripolygon/UModeler/Hub/Views/Controls/HubCountryBox/AW.png using Guid(1ba19f8d9202f4a9592b946388a4c31e) Importer(815301076,1909f56bfc062723c751e8b465ee728b) (PreviewImporter) -> (artifact id: '3e54698b0c5dfbfa27ac2a8c0cbf9392') in 0.0783965 seconds
Number of updated asset objects reloaded before import = 0Number of asset objects unloaded after import = 3

========================================================================
Received Import Request.
  Time since last request: 0.000061 seconds.
  path: Assets/UModelerX_ThemePark_URP_Editable/UModeler-Hub/Editor/Resources/Tripolygon/UModeler/Hub/Views/Hubs/Homes/ProductStatusBarView/EULA.png
  artifactKey: Guid(b1b3059ccf46945c6a250cada69bb65d) Importer(815301076,1909f56bfc062723c751e8b465ee728b)
Start importing Assets/UModelerX_ThemePark_URP_Editable/UModeler-Hub/Editor/Resources/Tripolygon/UModeler/Hub/Views/Hubs/Homes/ProductStatusBarView/EULA.png using Guid(b1b3059ccf46945c6a250cada69bb65d) Importer(815301076,1909f56bfc062723c751e8b465ee728b) (PreviewImporter) -> (artifact id: 'efe78e4bdd00701249f20ad4de2b390e') in 0.2035182 seconds
Number of updated asset objects reloaded before import = 0Number of asset objects unloaded after import = 3

========================================================================
Received Import Request.
  Time since last request: 0.000093 seconds.
  path: Assets/UModelerX_ThemePark_URP_Editable/UModeler-Hub/Editor/Resources/Tripolygon/UModeler/Hub/Views/Hubs/Homes/ProductStatusBarView/Manual@2x.png
  artifactKey: Guid(e8fabf8c32c1a44b19b9f99bb89afbd3) Importer(815301076,1909f56bfc062723c751e8b465ee728b)
Start importing Assets/UModelerX_ThemePark_URP_Editable/UModeler-Hub/Editor/Resources/Tripolygon/UModeler/Hub/Views/Hubs/Homes/ProductStatusBarView/Manual@2x.png using Guid(e8fabf8c32c1a44b19b9f99bb89afbd3) Importer(815301076,1909f56bfc062723c751e8b465ee728b) (PreviewImporter) -> (artifact id: '78ef6bd7196fa9fb3112d42ca3cb75a7') in 0.0729319 seconds
Number of updated asset objects reloaded before import = 0Number of asset objects unloaded after import = 3

========================================================================
Received Import Request.
  Time since last request: 0.000116 seconds.
  path: Assets/UModelerX_ThemePark_URP_Editable/UModeler-Hub/Editor/Resources/Tripolygon/UModeler/Hub/Views/Controls/HubCountryBox/MU.png
  artifactKey: Guid(a290119a8111a4697995bb1871df79cd) Importer(815301076,1909f56bfc062723c751e8b465ee728b)
Start importing Assets/UModelerX_ThemePark_URP_Editable/UModeler-Hub/Editor/Resources/Tripolygon/UModeler/Hub/Views/Controls/HubCountryBox/MU.png using Guid(a290119a8111a4697995bb1871df79cd) Importer(815301076,1909f56bfc062723c751e8b465ee728b) (PreviewImporter) -> (artifact id: '4cbab5e4452ae0901da6f0b87373e18d') in 0.0782323 seconds
Number of updated asset objects reloaded before import = 0Number of asset objects unloaded after import = 3

========================================================================
Received Import Request.
  Time since last request: 0.000041 seconds.
  path: Assets/UModelerX_ThemePark_URP_Editable/UModeler-Hub/Editor/Resources/Tripolygon/UModeler/Hub/Views/Hubs/Homes/ProductStatusBarView/Manual.png
  artifactKey: Guid(c877b5c2d813641caa0ffff3aa558820) Importer(815301076,1909f56bfc062723c751e8b465ee728b)
Start importing Assets/UModelerX_ThemePark_URP_Editable/UModeler-Hub/Editor/Resources/Tripolygon/UModeler/Hub/Views/Hubs/Homes/ProductStatusBarView/Manual.png using Guid(c877b5c2d813641caa0ffff3aa558820) Importer(815301076,1909f56bfc062723c751e8b465ee728b) (PreviewImporter) -> (artifact id: '64149222347355deecae8f09a273a8fd') in 0.1097697 seconds
Number of updated asset objects reloaded before import = 0Number of asset objects unloaded after import = 3

========================================================================
Received Import Request.
  Time since last request: 0.000064 seconds.
  path: Assets/UModelerX_ThemePark_URP_Editable/UModeler-Hub/Editor/Resources/Tripolygon/UModeler/Hub/Views/Controls/HubCountryBox/BD.png
  artifactKey: Guid(e08bf2262ad8d48dc9e479c915305afa) Importer(815301076,1909f56bfc062723c751e8b465ee728b)
Start importing Assets/UModelerX_ThemePark_URP_Editable/UModeler-Hub/Editor/Resources/Tripolygon/UModeler/Hub/Views/Controls/HubCountryBox/BD.png using Guid(e08bf2262ad8d48dc9e479c915305afa) Importer(815301076,1909f56bfc062723c751e8b465ee728b) (PreviewImporter) -> (artifact id: 'b55c0b7303579a82eefaa37dda8a8648') in 0.0838403 seconds
Number of updated asset objects reloaded before import = 0Number of asset objects unloaded after import = 3

========================================================================
Received Import Request.
  Time since last request: 0.000052 seconds.
  path: Assets/UModelerX_ThemePark_URP_Editable/UModeler-Hub/Editor/Resources/Tripolygon/UModeler/Hub/Views/Hubs/CaptionView/SignOut@2x.png
  artifactKey: Guid(58f536b394bae4b47b82f33d08bc511c) Importer(815301076,1909f56bfc062723c751e8b465ee728b)
Start importing Assets/UModelerX_ThemePark_URP_Editable/UModeler-Hub/Editor/Resources/Tripolygon/UModeler/Hub/Views/Hubs/CaptionView/SignOut@2x.png using Guid(58f536b394bae4b47b82f33d08bc511c) Importer(815301076,1909f56bfc062723c751e8b465ee728b) (PreviewImporter) -> (artifact id: '556aaf29afb845284828e29abdec5491') in 0.1027342 seconds
Number of updated asset objects reloaded before import = 0Number of asset objects unloaded after import = 3

========================================================================
Received Import Request.
  Time since last request: 0.000188 seconds.
  path: Assets/UI/btn1.png
  artifactKey: Guid(642c3d80d61824fd99ebb3290eacd3f8) Importer(815301076,1909f56bfc062723c751e8b465ee728b)
Start importing Assets/UI/btn1.png using Guid(642c3d80d61824fd99ebb3290eacd3f8) Importer(815301076,1909f56bfc062723c751e8b465ee728b) (PreviewImporter) -> (artifact id: 'a847333416d270f97a465a5cb1c33b9f') in 0.1225939 seconds
Number of updated asset objects reloaded before import = 0Number of asset objects unloaded after import = 3

========================================================================
Received Import Request.
  Time since last request: 0.001750 seconds.
  path: Assets/UModelerX_ThemePark_URP_Editable/UModeler-Hub/Editor/Resources/Tripolygon/UModeler/Hub/Views/Controls/HubCountryBox/BO.png
  artifactKey: Guid(95a5005088fee475b96b011824b6212c) Importer(815301076,1909f56bfc062723c751e8b465ee728b)
Start importing Assets/UModelerX_ThemePark_URP_Editable/UModeler-Hub/Editor/Resources/Tripolygon/UModeler/Hub/Views/Controls/HubCountryBox/BO.png using Guid(95a5005088fee475b96b011824b6212c) Importer(815301076,1909f56bfc062723c751e8b465ee728b) (PreviewImporter) -> (artifact id: '4db2aff3273ae3e29d8192c5f628ae2c') in 0.1092894 seconds
Number of updated asset objects reloaded before import = 0Number of asset objects unloaded after import = 3

========================================================================
Received Import Request.
  Time since last request: 0.000086 seconds.
  path: Assets/UModelerX_ThemePark_URP_Editable/UModeler-Hub/Editor/Resources/Tripolygon/UModeler/Hub/Views/Templates/Cancel.png
  artifactKey: Guid(b4850f7b57d664f0da0e4e48cb1cc56b) Importer(815301076,1909f56bfc062723c751e8b465ee728b)
Start importing Assets/UModelerX_ThemePark_URP_Editable/UModeler-Hub/Editor/Resources/Tripolygon/UModeler/Hub/Views/Templates/Cancel.png using Guid(b4850f7b57d664f0da0e4e48cb1cc56b) Importer(815301076,1909f56bfc062723c751e8b465ee728b) (PreviewImporter) -> (artifact id: '28bd8c6d95668a79f6de9945e7b64309') in 0.0849789 seconds
Number of updated asset objects reloaded before import = 0Number of asset objects unloaded after import = 3

========================================================================
Received Import Request.
  Time since last request: 0.000064 seconds.
  path: Assets/UModelerX_ThemePark_URP_Editable/UModeler-Hub/Editor/Resources/Tripolygon/UModeler/Views/Developments/CurveSources/CurveSourceView/Reset.png
  artifactKey: Guid(f584b67edc8d7456ba222c92ffeee1c4) Importer(815301076,1909f56bfc062723c751e8b465ee728b)
Start importing Assets/UModelerX_ThemePark_URP_Editable/UModeler-Hub/Editor/Resources/Tripolygon/UModeler/Views/Developments/CurveSources/CurveSourceView/Reset.png using Guid(f584b67edc8d7456ba222c92ffeee1c4) Importer(815301076,1909f56bfc062723c751e8b465ee728b) (PreviewImporter) -> (artifact id: '911a4b987821d064f9b34a5e7ffae07b') in 0.0854445 seconds
Number of updated asset objects reloaded before import = 0Number of asset objects unloaded after import = 3

========================================================================
Received Import Request.
  Time since last request: 0.000094 seconds.
  path: Assets/UModelerX_ThemePark_URP_Editable/UModeler-Hub/Editor/Resources/Tripolygon/UModeler/Hub/Views/Controls/HubCountryBox/SE.png
  artifactKey: Guid(3dd4ead7da4774843895f725d7666bd5) Importer(815301076,1909f56bfc062723c751e8b465ee728b)
Start importing Assets/UModelerX_ThemePark_URP_Editable/UModeler-Hub/Editor/Resources/Tripolygon/UModeler/Hub/Views/Controls/HubCountryBox/SE.png using Guid(3dd4ead7da4774843895f725d7666bd5) Importer(815301076,1909f56bfc062723c751e8b465ee728b) (PreviewImporter) -> (artifact id: 'f924f44a37cd04ff6b773e62da43406b') in 0.078706 seconds
Number of updated asset objects reloaded before import = 0Number of asset objects unloaded after import = 3

========================================================================
Received Import Request.
  Time since last request: 0.000084 seconds.
  path: Assets/VRTemplateAssets/Sprites/UI/Round Radius 10.png
  artifactKey: Guid(65d31ca9600c4654e886aa7bab36e94b) Importer(815301076,1909f56bfc062723c751e8b465ee728b)
Start importing Assets/VRTemplateAssets/Sprites/UI/Round Radius 10.png using Guid(65d31ca9600c4654e886aa7bab36e94b) Importer(815301076,1909f56bfc062723c751e8b465ee728b) (PreviewImporter) -> (artifact id: 'f14a7c893f161d56a8749c665f04ba19') in 0.2042609 seconds
Number of updated asset objects reloaded before import = 0Number of asset objects unloaded after import = 3

========================================================================
Received Import Request.
  Time since last request: 0.000087 seconds.
  path: Assets/UModelerX_ThemePark_URP_Editable/UModeler-Hub/Editor/Resources/Tripolygon/UModeler/Hub/Views/Controls/HubCountryBox/RW.png
  artifactKey: Guid(53fb2422d5c9442279341dabc254badb) Importer(815301076,1909f56bfc062723c751e8b465ee728b)
Start importing Assets/UModelerX_ThemePark_URP_Editable/UModeler-Hub/Editor/Resources/Tripolygon/UModeler/Hub/Views/Controls/HubCountryBox/RW.png using Guid(53fb2422d5c9442279341dabc254badb) Importer(815301076,1909f56bfc062723c751e8b465ee728b) (PreviewImporter) -> (artifact id: '15a2efe3c3a79f1a802fa2cf67927c4a') in 0.0917421 seconds
Number of updated asset objects reloaded before import = 0Number of asset objects unloaded after import = 3

========================================================================
Received Import Request.
  Time since last request: 0.000100 seconds.
  path: Assets/UModelerX_ThemePark_URP_Editable/UModeler-Hub/Editor/Resources/Tripolygon/UModeler/Hub/Views/Controls/HubCountryBox/BY.png
  artifactKey: Guid(8a658805ce43a4de984e269e293eeb7a) Importer(815301076,1909f56bfc062723c751e8b465ee728b)
Start importing Assets/UModelerX_ThemePark_URP_Editable/UModeler-Hub/Editor/Resources/Tripolygon/UModeler/Hub/Views/Controls/HubCountryBox/BY.png using Guid(8a658805ce43a4de984e269e293eeb7a) Importer(815301076,1909f56bfc062723c751e8b465ee728b) (PreviewImporter) -> (artifact id: 'c1fc1f943d74db290fc86826b7150134') in 0.0726912 seconds
Number of updated asset objects reloaded before import = 0Number of asset objects unloaded after import = 3

========================================================================
Received Import Request.
  Time since last request: 0.000063 seconds.
  path: Assets/UModelerX_ThemePark_URP_Editable/UModeler-Hub/Editor/Resources/Tripolygon/UModeler/Hub/Views/Hubs/CaptionView/SignIn.png
  artifactKey: Guid(0a13721804db643d8add7ab8c0836882) Importer(815301076,1909f56bfc062723c751e8b465ee728b)
Start importing Assets/UModelerX_ThemePark_URP_Editable/UModeler-Hub/Editor/Resources/Tripolygon/UModeler/Hub/Views/Hubs/CaptionView/SignIn.png using Guid(0a13721804db643d8add7ab8c0836882) Importer(815301076,1909f56bfc062723c751e8b465ee728b) (PreviewImporter) -> (artifact id: 'ac733d7d9b498a92d2a88b834cd6ae46') in 0.059881 seconds
Number of updated asset objects reloaded before import = 0Number of asset objects unloaded after import = 3

========================================================================
Received Import Request.
  Time since last request: 0.000045 seconds.
  path: Assets/UModelerX_ThemePark_URP_Editable/UModeler-Hub/Editor/Resources/Tripolygon/UModeler/Hub/Views/Controls/HubCountryBox/LU.png
  artifactKey: Guid(4c37e3ed97e55451dae581819f813b30) Importer(815301076,1909f56bfc062723c751e8b465ee728b)
Start importing Assets/UModelerX_ThemePark_URP_Editable/UModeler-Hub/Editor/Resources/Tripolygon/UModeler/Hub/Views/Controls/HubCountryBox/LU.png using Guid(4c37e3ed97e55451dae581819f813b30) Importer(815301076,1909f56bfc062723c751e8b465ee728b) (PreviewImporter) -> (artifact id: '4287c33b5f3d8f44fdec1500944cf511') in 0.0699121 seconds
Number of updated asset objects reloaded before import = 0Number of asset objects unloaded after import = 3

========================================================================
Received Import Request.
  Time since last request: 0.000078 seconds.
  path: Assets/VRTemplateAssets/Sprites/UI/Circle_60x60 Outline.png
  artifactKey: Guid(7edfa9a28dcc4584ba5194e74c74f93c) Importer(815301076,1909f56bfc062723c751e8b465ee728b)
Start importing Assets/VRTemplateAssets/Sprites/UI/Circle_60x60 Outline.png using Guid(7edfa9a28dcc4584ba5194e74c74f93c) Importer(815301076,1909f56bfc062723c751e8b465ee728b) (PreviewImporter) -> (artifact id: '82cdb1402e8047ec74b7370b98370959') in 0.0795257 seconds
Number of updated asset objects reloaded before import = 0Number of asset objects unloaded after import = 3

========================================================================
Received Import Request.
  Time since last request: 0.000056 seconds.
  path: Assets/UModelerX_ThemePark_URP_Editable/UModeler-Hub/Editor/Resources/Tripolygon/UModeler/Hub/Views/Controls/HubCountryBox/AR.png
  artifactKey: Guid(5851987aab92540018c4ca76a5a242c7) Importer(815301076,1909f56bfc062723c751e8b465ee728b)
Start importing Assets/UModelerX_ThemePark_URP_Editable/UModeler-Hub/Editor/Resources/Tripolygon/UModeler/Hub/Views/Controls/HubCountryBox/AR.png using Guid(5851987aab92540018c4ca76a5a242c7) Importer(815301076,1909f56bfc062723c751e8b465ee728b) (PreviewImporter) -> (artifact id: 'dec283b3f78f9df79f239f756f85b961') in 0.0714136 seconds
Number of updated asset objects reloaded before import = 0Number of asset objects unloaded after import = 3

========================================================================
Received Import Request.
  Time since last request: 0.000132 seconds.
  path: Assets/UModelerX_ThemePark_URP_Editable/UModeler-Hub/Editor/Resources/Tripolygon/UModeler/Hub/Views/Controls/HubCountryBox/BF.png
  artifactKey: Guid(a4a3295fd36e74242a94ef3b01e1e54f) Importer(815301076,1909f56bfc062723c751e8b465ee728b)
Start importing Assets/UModelerX_ThemePark_URP_Editable/UModeler-Hub/Editor/Resources/Tripolygon/UModeler/Hub/Views/Controls/HubCountryBox/BF.png using Guid(a4a3295fd36e74242a94ef3b01e1e54f) Importer(815301076,1909f56bfc062723c751e8b465ee728b) (PreviewImporter) -> (artifact id: 'b0884a96ca55b7fc29f87d2fe4fa2623') in 0.7061251 seconds
Number of updated asset objects reloaded before import = 0Number of asset objects unloaded after import = 3

========================================================================
Received Import Request.
  Time since last request: 0.000072 seconds.
  path: Assets/UModelerX_ThemePark_URP_Editable/UModeler-Hub/Editor/Resources/Tripolygon/UModeler/Hub/Views/Hubs/Homes/ProductStatusBarView/CheckForUpdate.png
  artifactKey: Guid(e8892d1fd1efa479683f5681b7fcfc21) Importer(815301076,1909f56bfc062723c751e8b465ee728b)
Start importing Assets/UModelerX_ThemePark_URP_Editable/UModeler-Hub/Editor/Resources/Tripolygon/UModeler/Hub/Views/Hubs/Homes/ProductStatusBarView/CheckForUpdate.png using Guid(e8892d1fd1efa479683f5681b7fcfc21) Importer(815301076,1909f56bfc062723c751e8b465ee728b) (PreviewImporter) -> (artifact id: 'ecab4a3ce4de0bdc162368cec342a7dc') in 0.0842846 seconds
Number of updated asset objects reloaded before import = 0Number of asset objects unloaded after import = 3

========================================================================
Received Import Request.
  Time since last request: 0.000090 seconds.
  path: Assets/UModelerX_ThemePark_URP_Editable/UModeler-Hub/Editor/Resources/Tripolygon/UModeler/Hub/Views/Controls/HubCountryBox/AS.png
  artifactKey: Guid(4f3f9bc4e024b4288a97c3e9045d2834) Importer(815301076,1909f56bfc062723c751e8b465ee728b)
Start importing Assets/UModelerX_ThemePark_URP_Editable/UModeler-Hub/Editor/Resources/Tripolygon/UModeler/Hub/Views/Controls/HubCountryBox/AS.png using Guid(4f3f9bc4e024b4288a97c3e9045d2834) Importer(815301076,1909f56bfc062723c751e8b465ee728b) (PreviewImporter) -> (artifact id: 'bcc712511bf23b621c147a82e092f44d') in 0.1207118 seconds
Number of updated asset objects reloaded before import = 0Number of asset objects unloaded after import = 3

========================================================================
Received Import Request.
  Time since last request: 0.000092 seconds.
  path: Assets/UModelerX_ThemePark_URP_Editable/UModeler-Hub/Editor/Resources/Tripolygon/UModeler/Hub/Views/Controls/HubCountryBox/BL.png
  artifactKey: Guid(123524b54cff64b8cb1170479cf9feaa) Importer(815301076,1909f56bfc062723c751e8b465ee728b)
Start importing Assets/UModelerX_ThemePark_URP_Editable/UModeler-Hub/Editor/Resources/Tripolygon/UModeler/Hub/Views/Controls/HubCountryBox/BL.png using Guid(123524b54cff64b8cb1170479cf9feaa) Importer(815301076,1909f56bfc062723c751e8b465ee728b) (PreviewImporter) -> (artifact id: '0dcdc921179b804e10237148c20199d8') in 0.0472232 seconds
Number of updated asset objects reloaded before import = 0Number of asset objects unloaded after import = 3

========================================================================
Received Import Request.
  Time since last request: 0.000319 seconds.
  path: Assets/VRTemplateAssets/Sprites/Icons/Chevron.png
  artifactKey: Guid(c587cac8808c8b745adbae420e9acc83) Importer(815301076,1909f56bfc062723c751e8b465ee728b)
Start importing Assets/VRTemplateAssets/Sprites/Icons/Chevron.png using Guid(c587cac8808c8b745adbae420e9acc83) Importer(815301076,1909f56bfc062723c751e8b465ee728b) (PreviewImporter) -> (artifact id: '92e4d8b9fbe9ae2035fec4c0c75808af') in 0.1541711 seconds
Number of updated asset objects reloaded before import = 0Number of asset objects unloaded after import = 3

========================================================================
Received Import Request.
  Time since last request: 0.000100 seconds.
  path: Assets/UModelerX_ThemePark_URP_Editable/UModeler-Hub/Editor/Resources/Tripolygon/UModeler/Hub/Views/Controls/HubCountryBox/BZ.png
  artifactKey: Guid(2fa61601c353145f783d2cb984180fc3) Importer(815301076,1909f56bfc062723c751e8b465ee728b)
Start importing Assets/UModelerX_ThemePark_URP_Editable/UModeler-Hub/Editor/Resources/Tripolygon/UModeler/Hub/Views/Controls/HubCountryBox/BZ.png using Guid(2fa61601c353145f783d2cb984180fc3) Importer(815301076,1909f56bfc062723c751e8b465ee728b) (PreviewImporter) -> (artifact id: 'a2d9dab00359ff3b33ee60a1fdd3b6a2') in 0.0892158 seconds
Number of updated asset objects reloaded before import = 0Number of asset objects unloaded after import = 3

========================================================================
Received Import Request.
  Time since last request: 0.000091 seconds.
  path: Assets/UModelerX_ThemePark_URP_Editable/UModeler-Hub/Editor/Resources/Tripolygon/UModeler/Hub/Views/Controls/HubCountryBox/BV.png
  artifactKey: Guid(e9b45acfe32844f39acd23c6b043ba5c) Importer(815301076,1909f56bfc062723c751e8b465ee728b)
Start importing Assets/UModelerX_ThemePark_URP_Editable/UModeler-Hub/Editor/Resources/Tripolygon/UModeler/Hub/Views/Controls/HubCountryBox/BV.png using Guid(e9b45acfe32844f39acd23c6b043ba5c) Importer(815301076,1909f56bfc062723c751e8b465ee728b) (PreviewImporter) -> (artifact id: '497d8a6972cb0970d369e76b648043ed') in 0.0766918 seconds
Number of updated asset objects reloaded before import = 0Number of asset objects unloaded after import = 3

========================================================================
Received Import Request.
  Time since last request: 0.000049 seconds.
  path: Assets/UModelerX_ThemePark_URP_Editable/UModeler-Hub/Editor/Resources/Tripolygon/UModeler/Hub/Views/Controls/HubCountryBox/BH.png
  artifactKey: Guid(52726b229da2346e9b11e63974badc29) Importer(815301076,1909f56bfc062723c751e8b465ee728b)
Start importing Assets/UModelerX_ThemePark_URP_Editable/UModeler-Hub/Editor/Resources/Tripolygon/UModeler/Hub/Views/Controls/HubCountryBox/BH.png using Guid(52726b229da2346e9b11e63974badc29) Importer(815301076,1909f56bfc062723c751e8b465ee728b) (PreviewImporter) -> (artifact id: '5a8d8ebe7a4a5cfa4adce5ce45900013') in 0.1873599 seconds
Number of updated asset objects reloaded before import = 0Number of asset objects unloaded after import = 3

========================================================================
Received Import Request.
  Time since last request: 0.000055 seconds.
  path: Assets/UModelerX_ThemePark_URP_Editable/UModeler-Hub/Editor/Resources/Tripolygon/UModeler/Hub/Views/Controls/HubCountryBox/CC.png
  artifactKey: Guid(e73035556d6c5498193215985bb48878) Importer(815301076,1909f56bfc062723c751e8b465ee728b)
Start importing Assets/UModelerX_ThemePark_URP_Editable/UModeler-Hub/Editor/Resources/Tripolygon/UModeler/Hub/Views/Controls/HubCountryBox/CC.png using Guid(e73035556d6c5498193215985bb48878) Importer(815301076,1909f56bfc062723c751e8b465ee728b) (PreviewImporter) -> (artifact id: '7536d85dc03aeb79cb63170a3cd0b978') in 0.0599851 seconds
Number of updated asset objects reloaded before import = 0Number of asset objects unloaded after import = 3

========================================================================
Received Import Request.
  Time since last request: 0.000037 seconds.
  path: Assets/UI/intro.png
  artifactKey: Guid(f173c9c712f6f4f5197a2d6cb8e5b613) Importer(815301076,1909f56bfc062723c751e8b465ee728b)
Start importing Assets/UI/intro.png using Guid(f173c9c712f6f4f5197a2d6cb8e5b613) Importer(815301076,1909f56bfc062723c751e8b465ee728b) (PreviewImporter) -> (artifact id: '5995a955a7ccabc2e8f5855ad498952c') in 0.1154302 seconds
Number of updated asset objects reloaded before import = 0Number of asset objects unloaded after import = 3

========================================================================
Received Import Request.
  Time since last request: 0.000067 seconds.
  path: Assets/UModelerX_ThemePark_URP_Editable/UModeler-Hub/Editor/Resources/Tripolygon/UModeler/Hub/Views/Controls/HubCountryBox/AZ.png
  artifactKey: Guid(1ab291c24333149b3b249cfee3e1b364) Importer(815301076,1909f56bfc062723c751e8b465ee728b)
Start importing Assets/UModelerX_ThemePark_URP_Editable/UModeler-Hub/Editor/Resources/Tripolygon/UModeler/Hub/Views/Controls/HubCountryBox/AZ.png using Guid(1ab291c24333149b3b249cfee3e1b364) Importer(815301076,1909f56bfc062723c751e8b465ee728b) (PreviewImporter) -> (artifact id: '1ae59c44558a226df055d1aff9034306') in 0.0530879 seconds
Number of updated asset objects reloaded before import = 0Number of asset objects unloaded after import = 3

========================================================================
Received Import Request.
  Time since last request: 0.000067 seconds.
  path: Assets/UI/btn4.png
  artifactKey: Guid(543a6769ff4ab4e3ea99cfc3be18815d) Importer(815301076,1909f56bfc062723c751e8b465ee728b)
Start importing Assets/UI/btn4.png using Guid(543a6769ff4ab4e3ea99cfc3be18815d) Importer(815301076,1909f56bfc062723c751e8b465ee728b) (PreviewImporter) -> (artifact id: '7054c5bf9690d08f083979e82dc8997f') in 0.0743927 seconds
Number of updated asset objects reloaded before import = 0Number of asset objects unloaded after import = 3

========================================================================
Received Import Request.
  Time since last request: 0.000098 seconds.
  path: Assets/UModelerX_ThemePark_URP_Editable/UModeler-Hub/Editor/Resources/Tripolygon/UModeler/Hub/Views/Controls/HubCountryBox/HU.png
  artifactKey: Guid(bbfa21d51c8214308add073dbe225b48) Importer(815301076,1909f56bfc062723c751e8b465ee728b)
Start importing Assets/UModelerX_ThemePark_URP_Editable/UModeler-Hub/Editor/Resources/Tripolygon/UModeler/Hub/Views/Controls/HubCountryBox/HU.png using Guid(bbfa21d51c8214308add073dbe225b48) Importer(815301076,1909f56bfc062723c751e8b465ee728b) (PreviewImporter) -> (artifact id: '2a81bf9cbe2c6b9c3d957f85a3b0326b') in 0.0938671 seconds
Number of updated asset objects reloaded before import = 0Number of asset objects unloaded after import = 3

========================================================================
Received Import Request.
  Time since last request: 0.000541 seconds.
  path: Assets/UI/btn3.png
  artifactKey: Guid(1173f58ffe74b40fa8d8fd646b68187c) Importer(815301076,1909f56bfc062723c751e8b465ee728b)
Start importing Assets/UI/btn3.png using Guid(1173f58ffe74b40fa8d8fd646b68187c) Importer(815301076,1909f56bfc062723c751e8b465ee728b) (PreviewImporter) -> (artifact id: 'e4c3c43d23cd596e88d4334f482f8d12') in 0.9193743 seconds
Number of updated asset objects reloaded before import = 0Number of asset objects unloaded after import = 3

========================================================================
Received Import Request.
  Time since last request: 0.000078 seconds.
  path: Assets/UModelerX_ThemePark_URP_Editable/UModeler-Hub/Editor/Resources/Tripolygon/UModeler/Hub/Views/Controls/HubCountryBox/PY.png
  artifactKey: Guid(b453144f296304a9884541200d28a013) Importer(815301076,1909f56bfc062723c751e8b465ee728b)
Start importing Assets/UModelerX_ThemePark_URP_Editable/UModeler-Hub/Editor/Resources/Tripolygon/UModeler/Hub/Views/Controls/HubCountryBox/PY.png using Guid(b453144f296304a9884541200d28a013) Importer(815301076,1909f56bfc062723c751e8b465ee728b) (PreviewImporter) -> (artifact id: 'b3dda003e09b11885ce89e0612bcde21') in 0.0959447 seconds
Number of updated asset objects reloaded before import = 0Number of asset objects unloaded after import = 3

========================================================================
Received Import Request.
  Time since last request: 0.000034 seconds.
  path: Assets/UModelerX_ThemePark_URP_Editable/UModeler-Hub/Editor/Resources/Tripolygon/UModeler/Hub/Views/Controls/HubCountryBox/BE.png
  artifactKey: Guid(1bc8a6a66c41d40279730d772eeeca44) Importer(815301076,1909f56bfc062723c751e8b465ee728b)
Start importing Assets/UModelerX_ThemePark_URP_Editable/UModeler-Hub/Editor/Resources/Tripolygon/UModeler/Hub/Views/Controls/HubCountryBox/BE.png using Guid(1bc8a6a66c41d40279730d772eeeca44) Importer(815301076,1909f56bfc062723c751e8b465ee728b) (PreviewImporter) -> (artifact id: 'b608246ee5592c2fac8b20b304fbae5f') in 0.051573 seconds
Number of updated asset objects reloaded before import = 0Number of asset objects unloaded after import = 3

========================================================================
Received Import Request.
  Time since last request: 0.000056 seconds.
  path: Assets/UModelerX_ThemePark_URP_Editable/UModeler-Hub/Editor/Resources/Tripolygon/UModeler/Hub/Views/Controls/HubCountryBox/AI.png
  artifactKey: Guid(51d25a6f90574420a946dce8a8072c9d) Importer(815301076,1909f56bfc062723c751e8b465ee728b)
Start importing Assets/UModelerX_ThemePark_URP_Editable/UModeler-Hub/Editor/Resources/Tripolygon/UModeler/Hub/Views/Controls/HubCountryBox/AI.png using Guid(51d25a6f90574420a946dce8a8072c9d) Importer(815301076,1909f56bfc062723c751e8b465ee728b) (PreviewImporter) -> (artifact id: '1feea3650f57b623d007e0acb6f6c0fb') in 0.0681172 seconds
Number of updated asset objects reloaded before import = 0Number of asset objects unloaded after import = 3

========================================================================
Received Import Request.
  Time since last request: 0.000098 seconds.
  path: Assets/UModelerX_ThemePark_URP_Editable/UModeler-Hub/Editor/Resources/Tripolygon/UModeler/Hub/Views/Hubs/Accounts/AccountUnsubscribingView.png
  artifactKey: Guid(0a77f40f98d294bfe973eec4a1833a71) Importer(815301076,1909f56bfc062723c751e8b465ee728b)
Start importing Assets/UModelerX_ThemePark_URP_Editable/UModeler-Hub/Editor/Resources/Tripolygon/UModeler/Hub/Views/Hubs/Accounts/AccountUnsubscribingView.png using Guid(0a77f40f98d294bfe973eec4a1833a71) Importer(815301076,1909f56bfc062723c751e8b465ee728b) (PreviewImporter) -> (artifact id: '0b36e66423ff51df534a64835a72f0f9') in 0.8334859 seconds
Number of updated asset objects reloaded before import = 0Number of asset objects unloaded after import = 3

========================================================================
Received Import Request.
  Time since last request: 0.000125 seconds.
  path: Assets/UModelerX_ThemePark_URP_Editable/UModeler-Hub/Editor/Resources/Tripolygon/UModeler/Views/Developments/CurveSources/CurveSourceView/Add.png
  artifactKey: Guid(8135fa52731b64a0fb22c60581ee698f) Importer(815301076,1909f56bfc062723c751e8b465ee728b)
Start importing Assets/UModelerX_ThemePark_URP_Editable/UModeler-Hub/Editor/Resources/Tripolygon/UModeler/Views/Developments/CurveSources/CurveSourceView/Add.png using Guid(8135fa52731b64a0fb22c60581ee698f) Importer(815301076,1909f56bfc062723c751e8b465ee728b) (PreviewImporter) -> (artifact id: '541d5de7cd9c0f732cc365ce3f0040cf') in 0.0816706 seconds
Number of updated asset objects reloaded before import = 0Number of asset objects unloaded after import = 3

========================================================================
Received Import Request.
  Time since last request: 0.000094 seconds.
  path: Assets/UModelerX_ThemePark_URP_Editable/UModeler-Hub/Editor/Resources/Tripolygon/UModeler/Hub/Views/Hubs/HubSignInView/SignInWithGoogle.png
  artifactKey: Guid(dfb74da3b1d379545bd8732923beee42) Importer(815301076,1909f56bfc062723c751e8b465ee728b)
Start importing Assets/UModelerX_ThemePark_URP_Editable/UModeler-Hub/Editor/Resources/Tripolygon/UModeler/Hub/Views/Hubs/HubSignInView/SignInWithGoogle.png using Guid(dfb74da3b1d379545bd8732923beee42) Importer(815301076,1909f56bfc062723c751e8b465ee728b) (PreviewImporter) -> (artifact id: '73e7b738082ab5f3d1e3971c5f3be1cc') in 0.0792952 seconds
Number of updated asset objects reloaded before import = 0Number of asset objects unloaded after import = 3

========================================================================
Received Import Request.
  Time since last request: 0.000314 seconds.
  path: Assets/UModelerX_ThemePark_URP_Editable/UModeler-Hub/Editor/Resources/Tripolygon/UModeler/Hub/Views/Controls/HubCountryBox/PW.png
  artifactKey: Guid(b4bb91fa1aa59454cbf8fbe345d228d5) Importer(815301076,1909f56bfc062723c751e8b465ee728b)
Start importing Assets/UModelerX_ThemePark_URP_Editable/UModeler-Hub/Editor/Resources/Tripolygon/UModeler/Hub/Views/Controls/HubCountryBox/PW.png using Guid(b4bb91fa1aa59454cbf8fbe345d228d5) Importer(815301076,1909f56bfc062723c751e8b465ee728b) (PreviewImporter) -> (artifact id: '54ba1e60ffc98b99f6a52681e24b0395') in 0.077819 seconds
Number of updated asset objects reloaded before import = 0Number of asset objects unloaded after import = 3

========================================================================
Received Import Request.
  Time since last request: 0.000066 seconds.
  path: Assets/VRTemplateAssets/Sprites/Icons/Rotate Left.png
  artifactKey: Guid(ae2fef5f6398dd24caa6e6bb247b3d5c) Importer(815301076,1909f56bfc062723c751e8b465ee728b)
Start importing Assets/VRTemplateAssets/Sprites/Icons/Rotate Left.png using Guid(ae2fef5f6398dd24caa6e6bb247b3d5c) Importer(815301076,1909f56bfc062723c751e8b465ee728b) (PreviewImporter) -> (artifact id: '150ae73b3a897df0b96b194420a467df') in 0.1205417 seconds
Number of updated asset objects reloaded before import = 0Number of asset objects unloaded after import = 3

========================================================================
Received Import Request.
  Time since last request: 0.000098 seconds.
  path: Assets/UModelerX_ThemePark_URP_Editable/UModeler-Hub/Editor/Resources/Tripolygon/UModeler/Hub/Views/Controls/HubCountryBox/GU.png
  artifactKey: Guid(ea31d0aadc2304ebaacdbe140055b21b) Importer(815301076,1909f56bfc062723c751e8b465ee728b)
Start importing Assets/UModelerX_ThemePark_URP_Editable/UModeler-Hub/Editor/Resources/Tripolygon/UModeler/Hub/Views/Controls/HubCountryBox/GU.png using Guid(ea31d0aadc2304ebaacdbe140055b21b) Importer(815301076,1909f56bfc062723c751e8b465ee728b) (PreviewImporter) -> (artifact id: '49ef4c8307207aba35bfeb585673c7d8') in 0.0735039 seconds
Number of updated asset objects reloaded before import = 0Number of asset objects unloaded after import = 3

========================================================================
Received Import Request.
  Time since last request: 4.435921 seconds.
  path: Assets/Font/NotoSansKR-Bold SDF.asset
  artifactKey: Guid(fdc4750b6ebada849b197e4b1be944ba) Importer(815301076,1909f56bfc062723c751e8b465ee728b)
Start importing Assets/Font/NotoSansKR-Bold SDF.asset using Guid(fdc4750b6ebada849b197e4b1be944ba) Importer(815301076,1909f56bfc062723c751e8b465ee728b) (PreviewImporter) -> (artifact id: '4e20790b0f3379b82111f038098f2a9c') in 3.1388717 seconds
Number of updated asset objects reloaded before import = 0Number of asset objects unloaded after import = 6

========================================================================
Received Import Request.
  Time since last request: 0.000075 seconds.
  path: Assets/Font/SFPRODISPLAYBOLD SDF 1.asset
  artifactKey: Guid(e43443822f371f14ca8642e5cdbda1d4) Importer(815301076,1909f56bfc062723c751e8b465ee728b)
Start importing Assets/Font/SFPRODISPLAYBOLD SDF 1.asset using Guid(e43443822f371f14ca8642e5cdbda1d4) Importer(815301076,1909f56bfc062723c751e8b465ee728b) (PreviewImporter) -> (artifact id: '2ce114dc87a230fae22e9014107af102') in 0.2866282 seconds
Number of updated asset objects reloaded before import = 0Number of asset objects unloaded after import = 6

========================================================================
Received Import Request.
  Time since last request: 0.000099 seconds.
  path: Assets/Font/SFPRODISPLAYBOLD SDF.asset
  artifactKey: Guid(59be8c06154e44241abbacfb3eb2ef5f) Importer(815301076,1909f56bfc062723c751e8b465ee728b)
Start importing Assets/Font/SFPRODISPLAYBOLD SDF.asset using Guid(59be8c06154e44241abbacfb3eb2ef5f) Importer(815301076,1909f56bfc062723c751e8b465ee728b) (PreviewImporter) -> (artifact id: '6193e60625299a488b3c2d74a6d389cc') in 0.4418108 seconds
Number of updated asset objects reloaded before import = 0Number of asset objects unloaded after import = 6

========================================================================
Received Import Request.
  Time since last request: 0.000083 seconds.
  path: Assets/Font/NotoSansKR-Medium SDF.asset
  artifactKey: Guid(b0e6f24e990d3f24b8631a09dac0417b) Importer(815301076,1909f56bfc062723c751e8b465ee728b)
Start importing Assets/Font/NotoSansKR-Medium SDF.asset using Guid(b0e6f24e990d3f24b8631a09dac0417b) Importer(815301076,1909f56bfc062723c751e8b465ee728b) (PreviewImporter) -> (artifact id: '943e847bf03ec5d8cba39d42a528db81') in 0.3883237 seconds
Number of updated asset objects reloaded before import = 0Number of asset objects unloaded after import = 6

========================================================================
Received Import Request.
  Time since last request: 0.000084 seconds.
  path: Assets/Font/NotoSansKR-Regular SDF.asset
  artifactKey: Guid(f1bc2faad22620a4ab4feb69febb1e6d) Importer(815301076,1909f56bfc062723c751e8b465ee728b)
Start importing Assets/Font/NotoSansKR-Regular SDF.asset using Guid(f1bc2faad22620a4ab4feb69febb1e6d) Importer(815301076,1909f56bfc062723c751e8b465ee728b) (PreviewImporter) -> (artifact id: 'dc3653f606e6d9ce0e02de1cc326f95e') in 0.3488603 seconds
Number of updated asset objects reloaded before import = 0Number of asset objects unloaded after import = 6

Editor requested this worker to shutdown with reason: Scaling down because of idle timeout
AssetImportWorker is now disconnected from the server
Process exiting
Exiting without the bug reporter. Application will terminate with return code 0