Using pre-set license
Built from '6000.0/release' branch; Version is '6000.0.29f1 (9fafe5c9db65) revision 10465253'; Using compiler version '193933523'; Build Type 'Release'
OS: 'Windows 11  (10.0.22631) 64bit Core' Language: 'ko' Physical Memory: 7953 MB
BatchMode: 1, IsHumanControllingUs: 0, StartBugReporterOnCrash: 0, Is64bit: 1, IsPro: 1

COMMAND LINE ARGUMENTS:
C:\Program Files\Unity\Hub\Editor\6000.0.29f1\Editor\Unity.exe
-adb2
-batchMode
-noUpm
-name
AssetImportWorker2
-projectPath
C:/Users/silvi/OneDrive/ë°”íƒ• í™”ë©´/Project/25_Dorememe/Dorememe4
-logFile
Logs/AssetImportWorker2.log
-srvPort
55295
-job-worker-count
3
-background-job-worker-count
8
-asset-garbage-collectors
1
Successfully changed project path to: C:/Users/silvi/OneDrive/ë°”íƒ• í™”ë©´/Project/25_Dorememe/Dorememe4
C:/Users/silvi/OneDrive/ë°”íƒ• í™”ë©´/Project/25_Dorememe/Dorememe4
[UnityMemory] Configuration Parameters - Can be set up in boot.config
    "memorysetup-bucket-allocator-granularity=16"
    "memorysetup-bucket-allocator-bucket-count=8"
    "memorysetup-bucket-allocator-block-size=33554432"
    "memorysetup-bucket-allocator-block-count=8"
    "memorysetup-main-allocator-block-size=16777216"
    "memorysetup-thread-allocator-block-size=16777216"
    "memorysetup-gfx-main-allocator-block-size=16777216"
    "memorysetup-gfx-thread-allocator-block-size=16777216"
    "memorysetup-cache-allocator-block-size=4194304"
    "memorysetup-typetree-allocator-block-size=2097152"
    "memorysetup-profiler-bucket-allocator-granularity=16"
    "memorysetup-profiler-bucket-allocator-bucket-count=8"
    "memorysetup-profiler-bucket-allocator-block-size=33554432"
    "memorysetup-profiler-bucket-allocator-block-count=8"
    "memorysetup-profiler-allocator-block-size=16777216"
    "memorysetup-profiler-editor-allocator-block-size=1048576"
    "memorysetup-temp-allocator-size-main=16777216"
    "memorysetup-job-temp-allocator-block-size=2097152"
    "memorysetup-job-temp-allocator-block-size-background=1048576"
    "memorysetup-job-temp-allocator-reduction-small-platforms=262144"
    "memorysetup-allocator-temp-initial-block-size-main=262144"
    "memorysetup-allocator-temp-initial-block-size-worker=262144"
    "memorysetup-temp-allocator-size-background-worker=32768"
    "memorysetup-temp-allocator-size-job-worker=262144"
    "memorysetup-temp-allocator-size-preload-manager=33554432"
    "memorysetup-temp-allocator-size-nav-mesh-worker=65536"
    "memorysetup-temp-allocator-size-audio-worker=65536"
    "memorysetup-temp-allocator-size-cloud-worker=32768"
    "memorysetup-temp-allocator-size-gi-baking-worker=262144"
    "memorysetup-temp-allocator-size-gi-baking-worker=262144"
    "memorysetup-temp-allocator-size-gi-baking-worker=262144"
    "memorysetup-temp-allocator-size-gi-baking-worker=262144"
    "memorysetup-temp-allocator-size-gi-baking-worker=262144"
    "memorysetup-temp-allocator-size-gfx=262144"
Player connection [9172]  Target information:

Player connection [9172]  * "[IP] 192.168.45.226 [Port] 0 [Flags] 2 [Guid] 1419187535 [EditorId] 1419187535 [Version] 1048832 [Id] WindowsEditor(7,¹Ú¼­Á¤) [Debug] 1 [PackageName] WindowsEditor [ProjectName] Editor" 

Player connection [9172] Host joined multi-casting on [225.0.0.222:54997]...
Player connection [9172] Host joined alternative multi-casting on [225.0.0.222:34997]...
JobSystem: Creating JobQueue using job-worker-count value 3
[Physics::Module] Initialized fallback backend.
[Physics::Module] Id: 0xdecafbad
Library Redirect Path: Library/
[Physics::Module] Selected backend.
[Physics::Module] Name: PhysX
[Physics::Module] Id: 0xf2b8ea05
[Physics::Module] SDK Version: 4.1.2
[Physics::Module] Integration Version: 1.0.0
[Physics::Module] Threading Mode: Multi-Threaded
Refreshing native plugins compatible for Editor in 214.33 ms, found 18 plugins.
Unity memory allocator detected: MetaXRAudio native memory allocations will be tracked.
Preloading 3 native plugins for Editor in 12.31 ms.
Initialize engine version: 6000.0.29f1 (9fafe5c9db65)
[Subsystems] Discovering subsystems at path C:/Program Files/Unity/Hub/Editor/6000.0.29f1/Editor/Data/Resources/UnitySubsystems
[Subsystems] Discovering subsystems at path C:/Users/silvi/OneDrive/ë°”íƒ• í™”ë©´/Project/25_Dorememe/Dorememe4/Assets
GfxDevice: creating device client; kGfxThreadingModeNonThreaded
Direct3D:
    Version:  Direct3D 11.0 [level 11.1]
    Renderer: Intel(R) Iris(R) Plus Graphics (ID=0x8a5a)
    Vendor:   Intel
    VRAM:     3976 MB
    Driver:   27.20.100.8853
Shader 'Meta/MRUK/Scene/HighlightsAndShadows': fallback shader 'Off' not found
Shader 'Oculus/OVRMRCameraFrameLit': fallback shader 'Alpha-Diffuse' not found
Initialize mono
Mono path[0] = 'C:/Program Files/Unity/Hub/Editor/6000.0.29f1/Editor/Data/Managed'
Mono path[1] = 'C:/Program Files/Unity/Hub/Editor/6000.0.29f1/Editor/Data/MonoBleedingEdge/lib/mono/unityjit-win32'
Mono config path = 'C:/Program Files/Unity/Hub/Editor/6000.0.29f1/Editor/Data/MonoBleedingEdge/etc'
Using monoOptions --debugger-agent=transport=dt_socket,embedding=1,server=y,suspend=n,address=127.0.0.1:56068
Begin MonoManager ReloadAssembly
Registering precompiled unity dll's ...
Register platform support module: C:/Program Files/Unity/Hub/Editor/6000.0.29f1/Editor/Data/PlaybackEngines/WindowsStandaloneSupport/UnityEditor.WindowsStandalone.Extensions.dll
Register platform support module: C:/Program Files/Unity/Hub/Editor/6000.0.29f1/Editor/Data/PlaybackEngines/AndroidPlayer/UnityEditor.Android.Extensions.dll
Registered in 0.015725 seconds.
- Loaded All Assemblies, in  0.738 seconds
Native extension for Android target not found
Android Extension - Scanning For ADB Devices 420 ms
Native extension for WindowsStandalone target not found
Mono: successfully reloaded assembly
- Finished resetting the current domain, in  0.948 seconds
Domain Reload Profiling: 1682ms
	BeginReloadAssembly (281ms)
		ExecutionOrderSort (0ms)
		DisableScriptedObjects (0ms)
		BackupInstance (0ms)
		ReleaseScriptingObjects (0ms)
		CreateAndSetChildDomain (2ms)
	RebuildCommonClasses (56ms)
	RebuildNativeTypeToScriptingClass (21ms)
	initialDomainReloadingComplete (99ms)
	LoadAllAssembliesAndSetupDomain (276ms)
		LoadAssemblies (277ms)
		RebuildTransferFunctionScriptingTraits (0ms)
		AnalyzeDomain (268ms)
			TypeCache.Refresh (266ms)
				TypeCache.ScanAssembly (243ms)
			BuildScriptInfoCaches (0ms)
			ResolveRequiredComponents (1ms)
	FinalizeReload (949ms)
		ReleaseScriptCaches (0ms)
		RebuildScriptCaches (0ms)
		SetupLoadedEditorAssemblies (868ms)
			LogAssemblyErrors (0ms)
			InitializePlatformSupportModulesInManaged (561ms)
			SetLoadedEditorAssemblies (6ms)
			BeforeProcessingInitializeOnLoad (9ms)
			ProcessInitializeOnLoadAttributes (188ms)
			ProcessInitializeOnLoadMethodAttributes (102ms)
			AfterProcessingInitializeOnLoad (3ms)
			EditorAssembliesLoaded (0ms)
		ExecutionOrderSort2 (0ms)
		AwakeInstancesAfterBackupRestoration (0ms)
========================================================================
Worker process is ready to serve import requests
Import Worker Mode flag is 0x00
Begin MonoManager ReloadAssembly
- Loaded All Assemblies, in  2.411 seconds
Script 'CharacterController' has the same name as built-in Unity component.
AddComponent and GetComponent will not work with this script.
'Packages/com.meta.xr.sdk.core/Editor/BuildingBlocks/BlocksWindow.cs' contains partial class of Unity.Object, exactly 1 of the partial classes needs to be in a file with the same filename. This is to know the one that can be referenced from ie. GameObjects
'Packages/com.meta.xr.sdk.core/Editor/BuildingBlocks/BlocksWindowDetailsExtension.cs' contains partial class of Unity.Object, exactly 1 of the partial classes needs to be in a file with the same filename. This is to know the one that can be referenced from ie. GameObjects
'Packages/com.meta.xr.sdk.core/Editor/BuildingBlocks/BlocksWindowCollectionsPageExtension.cs' contains partial class of Unity.Object, exactly 1 of the partial classes needs to be in a file with the same filename. This is to know the one that can be referenced from ie. GameObjects
Refreshing native plugins compatible for Editor in 100.49 ms, found 18 plugins.
Native extension for Android target not found
Native extension for WindowsStandalone target not found
Package Manager log level set to [2]
[Package Manager] Failed to launch server process. Reason: Unity was launched with the -noUpm command-line argument
[Package Manager] Unable to send message (not connected to server process).
[Package Manager] Cannot connect to Unity Package Manager local server
[Package Manager] Failed to launch server process. Reason: Unity was launched with the -noUpm command-line argument
[Package Manager] Unable to send message (not connected to server process).
[Package Manager] Cannot connect to Unity Package Manager local server
Refreshing native plugins compatible for Editor in 110.20 ms, found 18 plugins.
[Package Manager] Failed to launch server process. Reason: Unity was launched with the -noUpm command-line argument
[Package Manager] Unable to send message (not connected to server process).
[Package Manager] Cannot connect to Unity Package Manager local server
[Package Manager] Failed to launch server process. Reason: Unity was launched with the -noUpm command-line argument
[Package Manager] Unable to send message (not connected to server process).
[Package Manager] Cannot connect to Unity Package Manager local server
System.Reflection.TargetInvocationException: Exception has been thrown by the target of an invocation. ---> System.NullReferenceException: Object reference not set to an instance of an object
  at Unity.XR.Oculus.OculusLoader.AssetPathToAbsolutePath (System.String assetPath) [0x0003d] in .\Library\PackageCache\com.unity.xr.oculus\Runtime\OculusLoader.cs:307 
  at Unity.XR.Oculus.OculusLoader.EditorLoadOVRPlugin () [0x0008c] in .\Library\PackageCache\com.unity.xr.oculus\Runtime\OculusLoader.cs:292 
  at (wrapper managed-to-native) System.Reflection.RuntimeMethodInfo.InternalInvoke(System.Reflection.RuntimeMethodInfo,object,object[],System.Exception&)
  at System.Reflection.RuntimeMethodInfo.Invoke (System.Object obj, System.Reflection.BindingFlags invokeAttr, System.Reflection.Binder binder, System.Object[] parameters, System.Globalization.CultureInfo culture) [0x0006a] in <ed969b0e627d471da4848289f9c322df>:0 
   --- End of inner exception stack trace ---
  at System.Reflection.RuntimeMethodInfo.Invoke (System.Object obj, System.Reflection.BindingFlags invokeAttr, System.Reflection.Binder binder, System.Object[] parameters, System.Globalization.CultureInfo culture) [0x00083] in <ed969b0e627d471da4848289f9c322df>:0 
  at System.Reflection.MethodBase.Invoke (System.Object obj, System.Object[] parameters) [0x00000] in <ed969b0e627d471da4848289f9c322df>:0 
  at UnityEditor.EditorAssemblies.ProcessInitializeOnLoadMethodAttributes () [0x00056] in <20f98a04ac634cc8bf5f95425bb19bb9>:0 
UnityEngine.Debug:ExtractStackTraceNoAlloc (byte*,int,string)
UnityEngine.StackTraceUtility:ExtractStackTrace ()
UnityEngine.DebugLogHandler:Internal_Log (UnityEngine.LogType,UnityEngine.LogOption,string,UnityEngine.Object)
UnityEngine.DebugLogHandler:LogFormat (UnityEngine.LogType,UnityEngine.Object,string,object[])
UnityEngine.Logger:Log (UnityEngine.LogType,object)
UnityEngine.Debug:LogError (object)
UnityEditor.EditorAssemblies:ProcessInitializeOnLoadMethodAttributes ()

Mono: successfully reloaded assembly
[Package Manager] Failed to launch server process. Reason: Unity was launched with the -noUpm command-line argument
[Package Manager] Unable to send message (not connected to server process).
[Package Manager] Cannot connect to Unity Package Manager local server
[Package Manager] Failed to launch server process. Reason: Unity was launched with the -noUpm command-line argument
[Package Manager] Unable to send message (not connected to server process).
[Package Manager] Cannot connect to Unity Package Manager local server
- Finished resetting the current domain, in  3.418 seconds
Domain Reload Profiling: 5814ms
	BeginReloadAssembly (262ms)
		ExecutionOrderSort (0ms)
		DisableScriptedObjects (12ms)
		BackupInstance (0ms)
		ReleaseScriptingObjects (0ms)
		CreateAndSetChildDomain (36ms)
	RebuildCommonClasses (73ms)
	RebuildNativeTypeToScriptingClass (24ms)
	initialDomainReloadingComplete (69ms)
	LoadAllAssembliesAndSetupDomain (1967ms)
		LoadAssemblies (1419ms)
		RebuildTransferFunctionScriptingTraits (0ms)
		AnalyzeDomain (713ms)
			TypeCache.Refresh (510ms)
				TypeCache.ScanAssembly (470ms)
			BuildScriptInfoCaches (163ms)
			ResolveRequiredComponents (32ms)
	FinalizeReload (3419ms)
		ReleaseScriptCaches (0ms)
		RebuildScriptCaches (0ms)
		SetupLoadedEditorAssemblies (2935ms)
			LogAssemblyErrors (0ms)
			InitializePlatformSupportModulesInManaged (15ms)
			SetLoadedEditorAssemblies (10ms)
			BeforeProcessingInitializeOnLoad (194ms)
			ProcessInitializeOnLoadAttributes (2380ms)
			ProcessInitializeOnLoadMethodAttributes (320ms)
			AfterProcessingInitializeOnLoad (15ms)
			EditorAssembliesLoaded (1ms)
		ExecutionOrderSort2 (0ms)
		AwakeInstancesAfterBackupRestoration (8ms)
Shader 'Oculus/OVRMRCameraFrameLit': fallback shader 'Alpha-Diffuse' not found
Shader 'Meta/MRUK/Scene/HighlightsAndShadows': fallback shader 'Off' not found
Launched and connected shader compiler UnityShaderCompiler.exe after 0.02 seconds
Refreshing native plugins compatible for Editor in 135.23 ms, found 18 plugins.
Preloading 3 native plugins for Editor in 0.32 ms.
Unloading 312 Unused Serialized files (Serialized files now loaded: 0)
Unloading 8725 unused Assets / (8.3 MB). Loaded Objects now: 9527.
Memory consumption went from 220.5 MB to 212.2 MB.
Total: 44.486100 ms (FindLiveObjects: 2.921900 ms CreateObjectMapping: 1.345200 ms MarkObjects: 33.913600 ms  DeleteObjects: 6.302400 ms)

========================================================================
Received Import Request.
  Time since last request: 430643.664605 seconds.
  path: Assets/TextMesh Pro/Resources/Sprite Assets/InlineIcons.png
  artifactKey: Guid(215687feeab0b7445b4a1cd86c82c2e1) Importer(815301076,1909f56bfc062723c751e8b465ee728b)
Start importing Assets/TextMesh Pro/Resources/Sprite Assets/InlineIcons.png using Guid(215687feeab0b7445b4a1cd86c82c2e1) Importer(815301076,1909f56bfc062723c751e8b465ee728b) (PreviewImporter) -> (artifact id: '8e46484d1907d62474d47fad50b18bd0') in 1.8042961 seconds
Number of updated asset objects reloaded before import = 0Number of asset objects unloaded after import = 207

========================================================================
Received Import Request.
  Time since last request: 0.000066 seconds.
  path: Assets/VRTemplateAssets/Materials/Environment/Dark Green.mat
  artifactKey: Guid(d2fd0fd7f230ce14d89e18fb555b7469) Importer(815301076,1909f56bfc062723c751e8b465ee728b)
Start importing Assets/VRTemplateAssets/Materials/Environment/Dark Green.mat using Guid(d2fd0fd7f230ce14d89e18fb555b7469) Importer(815301076,1909f56bfc062723c751e8b465ee728b) (PreviewImporter) -> (artifact id: '0d6e636b871f7d2363e651834e4c2a6f') in 1.8949719 seconds
Number of updated asset objects reloaded before import = 0Number of asset objects unloaded after import = 3

========================================================================
Received Import Request.
  Time since last request: 0.000092 seconds.
  path: Assets/StylizedCamp/Prefab/SM_Grass_A.prefab
  artifactKey: Guid(f187bfcd8403f2c4ebca4d4908d86054) Importer(815301076,1909f56bfc062723c751e8b465ee728b)
Start importing Assets/StylizedCamp/Prefab/SM_Grass_A.prefab using Guid(f187bfcd8403f2c4ebca4d4908d86054) Importer(815301076,1909f56bfc062723c751e8b465ee728b) (PreviewImporter) -> (artifact id: 'afed959022b2b5f52a4b75dcbb4a7787') in 0.092558 seconds
Number of updated asset objects reloaded before import = 0Number of asset objects unloaded after import = 9

========================================================================
Received Import Request.
  Time since last request: 0.000043 seconds.
  path: Assets/StylizedCamp/Mesh/SM_Grass_B.fbx
  artifactKey: Guid(cf5c95d2a1dc62b4b907c66c952525c6) Importer(815301076,1909f56bfc062723c751e8b465ee728b)
Start importing Assets/StylizedCamp/Mesh/SM_Grass_B.fbx using Guid(cf5c95d2a1dc62b4b907c66c952525c6) Importer(815301076,1909f56bfc062723c751e8b465ee728b) (PreviewImporter) -> (artifact id: 'e95eeca290f78cd20b4f48dea6f298af') in 0.5165939 seconds
Number of updated asset objects reloaded before import = 0Number of asset objects unloaded after import = 9

========================================================================
Received Import Request.
  Time since last request: 18.550143 seconds.
  path: Assets/StylizedCamp/Materials
  artifactKey: Guid(52b6b293a1b580a4e988c7a7723ff778) Importer(815301076,1909f56bfc062723c751e8b465ee728b)
Start importing Assets/StylizedCamp/Materials using Guid(52b6b293a1b580a4e988c7a7723ff778) Importer(815301076,1909f56bfc062723c751e8b465ee728b) (PreviewImporter) -> (artifact id: '67c75b86cf47458fd42d373de5c35fbb') in 0.0019845 seconds
Number of updated asset objects reloaded before import = 0Number of asset objects unloaded after import = 0

========================================================================
Received Import Request.
  Time since last request: 0.535937 seconds.
  path: Assets/StylizedCamp/StylizedCamp.unity
  artifactKey: Guid(6884b1e9b485beb458ece29c4faf4395) Importer(815301076,1909f56bfc062723c751e8b465ee728b)
Start importing Assets/StylizedCamp/StylizedCamp.unity using Guid(6884b1e9b485beb458ece29c4faf4395) Importer(815301076,1909f56bfc062723c751e8b465ee728b) (PreviewImporter) -> (artifact id: '957e1cfb84c4b9de3a0c1e5bb9815b00') in 0.0014112 seconds
Number of updated asset objects reloaded before import = 0Number of asset objects unloaded after import = 0

========================================================================
Received Import Request.
  Time since last request: 9.051533 seconds.
  path: Assets/StylizedCamp/Textures
  artifactKey: Guid(3649364c8ca224848854445ff92cbbb2) Importer(815301076,1909f56bfc062723c751e8b465ee728b)
Start importing Assets/StylizedCamp/Textures using Guid(3649364c8ca224848854445ff92cbbb2) Importer(815301076,1909f56bfc062723c751e8b465ee728b) (PreviewImporter) -> (artifact id: '674642395c9250ea4f785fadc8deec9b') in 0.0012706 seconds
Number of updated asset objects reloaded before import = 0Number of asset objects unloaded after import = 0

========================================================================
Received Import Request.
  Time since last request: 0.000031 seconds.
  path: Assets/StylizedCamp/Textures/T_StylizedCamp.tga
  artifactKey: Guid(8559ee2e777872b48a11e0a96d63294c) Importer(815301076,1909f56bfc062723c751e8b465ee728b)
Start importing Assets/StylizedCamp/Textures/T_StylizedCamp.tga using Guid(8559ee2e777872b48a11e0a96d63294c) Importer(815301076,1909f56bfc062723c751e8b465ee728b) (PreviewImporter) -> (artifact id: '3c057a70ebefaec74141405250fdc5ab') in 0.0416213 seconds
Number of updated asset objects reloaded before import = 0Number of asset objects unloaded after import = 2

========================================================================
Received Import Request.
  Time since last request: 30.427845 seconds.
  path: Assets/StylizedCamp/Textures/T_StylizedCamp.tga
  artifactKey: Guid(8559ee2e777872b48a11e0a96d63294c) Importer(815301076,1909f56bfc062723c751e8b465ee728b)
Start importing Assets/StylizedCamp/Textures/T_StylizedCamp.tga using Guid(8559ee2e777872b48a11e0a96d63294c) Importer(815301076,1909f56bfc062723c751e8b465ee728b) (PreviewImporter) -> (artifact id: '5998c0d9cf88ad2d45be14d69122b7b9') in 0.0372222 seconds
Number of updated asset objects reloaded before import = 0Number of asset objects unloaded after import = 3

========================================================================
Received Import Request.
  Time since last request: 13.342947 seconds.
  path: Assets/StylizedCamp/Textures/T_StylizedCamp.tga
  artifactKey: Guid(8559ee2e777872b48a11e0a96d63294c) Importer(815301076,1909f56bfc062723c751e8b465ee728b)
Start importing Assets/StylizedCamp/Textures/T_StylizedCamp.tga using Guid(8559ee2e777872b48a11e0a96d63294c) Importer(815301076,1909f56bfc062723c751e8b465ee728b) (PreviewImporter) -> (artifact id: '95516ae1e7046a5811b54a08364d7c05') in 0.0135564 seconds
Number of updated asset objects reloaded before import = 0Number of asset objects unloaded after import = 2

========================================================================
Received Import Request.
  Time since last request: 17.407941 seconds.
  path: Assets/StylizedCamp/Prefab
  artifactKey: Guid(0641328cbee922f4eb6b8beab2bc3062) Importer(815301076,1909f56bfc062723c751e8b465ee728b)
Start importing Assets/StylizedCamp/Prefab using Guid(0641328cbee922f4eb6b8beab2bc3062) Importer(815301076,1909f56bfc062723c751e8b465ee728b) (PreviewImporter) -> (artifact id: '2667b8a5626385323535d974f39f4500') in 0.0021404 seconds
Number of updated asset objects reloaded before import = 0Number of asset objects unloaded after import = 0

========================================================================
Received Import Request.
  Time since last request: 0.000047 seconds.
  path: Assets/StylizedCamp/Prefab/SM_Backpack_A.prefab
  artifactKey: Guid(31d189e1676d425488866facaf2aa7d8) Importer(815301076,1909f56bfc062723c751e8b465ee728b)
Start importing Assets/StylizedCamp/Prefab/SM_Backpack_A.prefab using Guid(31d189e1676d425488866facaf2aa7d8) Importer(815301076,1909f56bfc062723c751e8b465ee728b) (PreviewImporter) -> (artifact id: '835e6e24c7b63b171eb46f43cc1f28f1') in 0.0506303 seconds
Number of updated asset objects reloaded before import = 0Number of asset objects unloaded after import = 10

========================================================================
Received Import Request.
  Time since last request: 0.000072 seconds.
  path: Assets/StylizedCamp/Prefab/SM_Cot.prefab
  artifactKey: Guid(6408fd3c68522734da23e3506f6e30dc) Importer(815301076,1909f56bfc062723c751e8b465ee728b)
Start importing Assets/StylizedCamp/Prefab/SM_Cot.prefab using Guid(6408fd3c68522734da23e3506f6e30dc) Importer(815301076,1909f56bfc062723c751e8b465ee728b) (PreviewImporter) -> (artifact id: '683a9396ef2e4fd20584d58802cb8936') in 0.0437376 seconds
Number of updated asset objects reloaded before import = 0Number of asset objects unloaded after import = 10

========================================================================
Received Import Request.
  Time since last request: 0.000037 seconds.
  path: Assets/StylizedCamp/Prefab/SM_Chair_A.prefab
  artifactKey: Guid(58c8a96be0472204a88748fa96053729) Importer(815301076,1909f56bfc062723c751e8b465ee728b)
Start importing Assets/StylizedCamp/Prefab/SM_Chair_A.prefab using Guid(58c8a96be0472204a88748fa96053729) Importer(815301076,1909f56bfc062723c751e8b465ee728b) (PreviewImporter) -> (artifact id: '8e356d57030ffc098b21f55b7cf8e994') in 0.0399712 seconds
Number of updated asset objects reloaded before import = 0Number of asset objects unloaded after import = 9

========================================================================
Received Import Request.
  Time since last request: 0.000053 seconds.
  path: Assets/StylizedCamp/Prefab/SM_Bonfire_A.prefab
  artifactKey: Guid(fc46360d505951a47984345512d601cd) Importer(815301076,1909f56bfc062723c751e8b465ee728b)
Start importing Assets/StylizedCamp/Prefab/SM_Bonfire_A.prefab using Guid(fc46360d505951a47984345512d601cd) Importer(815301076,1909f56bfc062723c751e8b465ee728b) (PreviewImporter) -> (artifact id: 'c62e060645ceb369bc1d769eeb8c338c') in 0.0467252 seconds
Number of updated asset objects reloaded before import = 0Number of asset objects unloaded after import = 9

========================================================================
Received Import Request.
  Time since last request: 0.000058 seconds.
  path: Assets/StylizedCamp/Prefab/SM_BackpackingStove.prefab
  artifactKey: Guid(4e2c51d8bbc2a754e8f23650f9cacf59) Importer(815301076,1909f56bfc062723c751e8b465ee728b)
Start importing Assets/StylizedCamp/Prefab/SM_BackpackingStove.prefab using Guid(4e2c51d8bbc2a754e8f23650f9cacf59) Importer(815301076,1909f56bfc062723c751e8b465ee728b) (PreviewImporter) -> (artifact id: 'ce3713fdcbc22d6c1b0e6d4f90f05029') in 0.0392696 seconds
Number of updated asset objects reloaded before import = 0Number of asset objects unloaded after import = 9

========================================================================
Received Import Request.
  Time since last request: 0.000041 seconds.
  path: Assets/StylizedCamp/Prefab/SM_Chair_B.prefab
  artifactKey: Guid(83de29f93eab7a64186872a49d50c885) Importer(815301076,1909f56bfc062723c751e8b465ee728b)
Start importing Assets/StylizedCamp/Prefab/SM_Chair_B.prefab using Guid(83de29f93eab7a64186872a49d50c885) Importer(815301076,1909f56bfc062723c751e8b465ee728b) (PreviewImporter) -> (artifact id: '85d3fd85237a669adad8fdadb73ba7d5') in 0.0557053 seconds
Number of updated asset objects reloaded before import = 0Number of asset objects unloaded after import = 10

========================================================================
Received Import Request.
  Time since last request: 0.000050 seconds.
  path: Assets/StylizedCamp/Prefab/SM_CoolerBox.prefab
  artifactKey: Guid(48c54803d208f9b40b08dc71d43e7b6a) Importer(815301076,1909f56bfc062723c751e8b465ee728b)
Start importing Assets/StylizedCamp/Prefab/SM_CoolerBox.prefab using Guid(48c54803d208f9b40b08dc71d43e7b6a) Importer(815301076,1909f56bfc062723c751e8b465ee728b) (PreviewImporter) -> (artifact id: '813dd1fc124457194e4391961d1016c6') in 0.0950268 seconds
Number of updated asset objects reloaded before import = 0Number of asset objects unloaded after import = 9

========================================================================
Received Import Request.
  Time since last request: 0.000063 seconds.
  path: Assets/StylizedCamp/Prefab/SM_CampfireCookingPole.prefab
  artifactKey: Guid(b8522682f20bad04697682aff6e62a5a) Importer(815301076,1909f56bfc062723c751e8b465ee728b)
Start importing Assets/StylizedCamp/Prefab/SM_CampfireCookingPole.prefab using Guid(b8522682f20bad04697682aff6e62a5a) Importer(815301076,1909f56bfc062723c751e8b465ee728b) (PreviewImporter) -> (artifact id: 'a92654804d607e3b07043ab81abd1fb2') in 0.0554199 seconds
Number of updated asset objects reloaded before import = 0Number of asset objects unloaded after import = 9

========================================================================
Received Import Request.
  Time since last request: 0.000063 seconds.
  path: Assets/StylizedCamp/Mesh/SM_Backpack_A.fbx
  artifactKey: Guid(a07a554766573464ab143e694294a1d3) Importer(815301076,1909f56bfc062723c751e8b465ee728b)
Start importing Assets/StylizedCamp/Mesh/SM_Backpack_A.fbx using Guid(a07a554766573464ab143e694294a1d3) Importer(815301076,1909f56bfc062723c751e8b465ee728b) (PreviewImporter) -> (artifact id: '7d233a8b9581da0c990632d48ae48577') in 0.0704998 seconds
Number of updated asset objects reloaded before import = 0Number of asset objects unloaded after import = 10

========================================================================
Received Import Request.
  Time since last request: 0.000065 seconds.
  path: Assets/StylizedCamp/Mesh/SM_Cap.fbx
  artifactKey: Guid(809706564bb37cd4ebdb46e7738639fe) Importer(815301076,1909f56bfc062723c751e8b465ee728b)
Start importing Assets/StylizedCamp/Mesh/SM_Cap.fbx using Guid(809706564bb37cd4ebdb46e7738639fe) Importer(815301076,1909f56bfc062723c751e8b465ee728b) (PreviewImporter) -> (artifact id: '72b3bf7a398b02da744e7e570319c868') in 0.0791198 seconds
Number of updated asset objects reloaded before import = 0Number of asset objects unloaded after import = 9

========================================================================
Received Import Request.
  Time since last request: 0.000126 seconds.
  path: Assets/StylizedCamp/Mesh/SM_Chair_B.fbx
  artifactKey: Guid(da9a81e5851dc2d4a8ba8b4c3265ae34) Importer(815301076,1909f56bfc062723c751e8b465ee728b)
Start importing Assets/StylizedCamp/Mesh/SM_Chair_B.fbx using Guid(da9a81e5851dc2d4a8ba8b4c3265ae34) Importer(815301076,1909f56bfc062723c751e8b465ee728b) (PreviewImporter) -> (artifact id: '8ae948c6fcc80e4bcff987e0d5792b5e') in 0.136701 seconds
Number of updated asset objects reloaded before import = 0Number of asset objects unloaded after import = 10

========================================================================
Received Import Request.
  Time since last request: 0.000113 seconds.
  path: Assets/StylizedCamp/Mesh/SM_CampingPot.fbx
  artifactKey: Guid(9365f4e5d5030d143aca6f669aeca4ff) Importer(815301076,1909f56bfc062723c751e8b465ee728b)
Start importing Assets/StylizedCamp/Mesh/SM_CampingPot.fbx using Guid(9365f4e5d5030d143aca6f669aeca4ff) Importer(815301076,1909f56bfc062723c751e8b465ee728b) (PreviewImporter) -> (artifact id: 'c1fe311d6d23f9d90ce0fab4d29249b4') in 0.1251694 seconds
Number of updated asset objects reloaded before import = 0Number of asset objects unloaded after import = 9

========================================================================
Received Import Request.
  Time since last request: 0.000085 seconds.
  path: Assets/StylizedCamp/Materials/T_StylizedCamp_Glass.mat
  artifactKey: Guid(752a13947c421894d88268282d083516) Importer(815301076,1909f56bfc062723c751e8b465ee728b)
Start importing Assets/StylizedCamp/Materials/T_StylizedCamp_Glass.mat using Guid(752a13947c421894d88268282d083516) Importer(815301076,1909f56bfc062723c751e8b465ee728b) (PreviewImporter) -> (artifact id: '3804334ffc7f04640c655c3dff62dd81') in 1.1593141 seconds
Number of updated asset objects reloaded before import = 0Number of asset objects unloaded after import = 2

========================================================================
Received Import Request.
  Time since last request: 0.000099 seconds.
  path: Assets/StylizedCamp/Mesh/SM_CampfireCookingPole.fbx
  artifactKey: Guid(47ca8faab0c1e504bb881772862c671c) Importer(815301076,1909f56bfc062723c751e8b465ee728b)
Start importing Assets/StylizedCamp/Mesh/SM_CampfireCookingPole.fbx using Guid(47ca8faab0c1e504bb881772862c671c) Importer(815301076,1909f56bfc062723c751e8b465ee728b) (PreviewImporter) -> (artifact id: 'aa32c4e6d8e730d72b8fa3101f191219') in 0.1145543 seconds
Number of updated asset objects reloaded before import = 0Number of asset objects unloaded after import = 9

========================================================================
Received Import Request.
  Time since last request: 0.000068 seconds.
  path: Assets/StylizedCamp/Materials/M_StylizedCamp_mat_twosided.mat
  artifactKey: Guid(4515af06c91709741bad266d1e0304ac) Importer(815301076,1909f56bfc062723c751e8b465ee728b)
Start importing Assets/StylizedCamp/Materials/M_StylizedCamp_mat_twosided.mat using Guid(4515af06c91709741bad266d1e0304ac) Importer(815301076,1909f56bfc062723c751e8b465ee728b) (PreviewImporter) -> (artifact id: '4f410bc5f6b0b700a070581ec86adbdc') in 0.0331011 seconds
Number of updated asset objects reloaded before import = 0Number of asset objects unloaded after import = 2

========================================================================
Received Import Request.
  Time since last request: 0.000077 seconds.
  path: Assets/StylizedCamp/Mesh/SM_Compass.fbx
  artifactKey: Guid(1e92f0a68becada4883845ab9f7fbc5d) Importer(815301076,1909f56bfc062723c751e8b465ee728b)
Start importing Assets/StylizedCamp/Mesh/SM_Compass.fbx using Guid(1e92f0a68becada4883845ab9f7fbc5d) Importer(815301076,1909f56bfc062723c751e8b465ee728b) (PreviewImporter) -> (artifact id: '3e712544d21e72365f763aff37ebe30d') in 0.1763265 seconds
Number of updated asset objects reloaded before import = 0Number of asset objects unloaded after import = 9

========================================================================
Received Import Request.
  Time since last request: 0.000091 seconds.
  path: Assets/StylizedCamp/Mesh/SM_Bench.fbx
  artifactKey: Guid(3d709c89ca4b2ee4e903d63a4107b7dd) Importer(815301076,1909f56bfc062723c751e8b465ee728b)
Start importing Assets/StylizedCamp/Mesh/SM_Bench.fbx using Guid(3d709c89ca4b2ee4e903d63a4107b7dd) Importer(815301076,1909f56bfc062723c751e8b465ee728b) (PreviewImporter) -> (artifact id: 'b46d6fe1fe5305dc958a88cc2223aaad') in 0.1329943 seconds
Number of updated asset objects reloaded before import = 0Number of asset objects unloaded after import = 9

========================================================================
Received Import Request.
  Time since last request: 0.000144 seconds.
  path: Assets/StylizedCamp/Mesh/SM_CoolerBox.fbx
  artifactKey: Guid(849c8a7ed798aa0419ba472c0ca0cbc4) Importer(815301076,1909f56bfc062723c751e8b465ee728b)
Start importing Assets/StylizedCamp/Mesh/SM_CoolerBox.fbx using Guid(849c8a7ed798aa0419ba472c0ca0cbc4) Importer(815301076,1909f56bfc062723c751e8b465ee728b) (PreviewImporter) -> (artifact id: '214dbccb40650d300d4f25f6dc75f43d') in 0.2264649 seconds
Number of updated asset objects reloaded before import = 0Number of asset objects unloaded after import = 9

========================================================================
Received Import Request.
  Time since last request: 0.000067 seconds.
  path: Assets/StylizedCamp/Materials/M_StylizedCamp_Ground.mat
  artifactKey: Guid(6a1e2cd458039334e8218d9ff2fd4b34) Importer(815301076,1909f56bfc062723c751e8b465ee728b)
Start importing Assets/StylizedCamp/Materials/M_StylizedCamp_Ground.mat using Guid(6a1e2cd458039334e8218d9ff2fd4b34) Importer(815301076,1909f56bfc062723c751e8b465ee728b) (PreviewImporter) -> (artifact id: 'baf21595cb16324a28c44044d6766b7e') in 0.7678239 seconds
Number of updated asset objects reloaded before import = 0Number of asset objects unloaded after import = 2

========================================================================
Received Import Request.
  Time since last request: 39.021032 seconds.
  path: Assets/Material/free-icon-bonfire-5691244.png
  artifactKey: Guid(3fc3d8e5019bfe047b68edccfbe2f589) Importer(815301076,1909f56bfc062723c751e8b465ee728b)
Start importing Assets/Material/free-icon-bonfire-5691244.png using Guid(3fc3d8e5019bfe047b68edccfbe2f589) Importer(815301076,1909f56bfc062723c751e8b465ee728b) (PreviewImporter) -> (artifact id: 'adc7ca6ae7ccdb1aebb5130c561adb66') in 0.0486898 seconds
Number of updated asset objects reloaded before import = 0Number of asset objects unloaded after import = 3

========================================================================
Received Import Request.
  Time since last request: 0.000151 seconds.
  path: Assets/Material/Right hand.png
  artifactKey: Guid(630704cc356fcfb419955b345adc0cb7) Importer(815301076,1909f56bfc062723c751e8b465ee728b)
Start importing Assets/Material/Right hand.png using Guid(630704cc356fcfb419955b345adc0cb7) Importer(815301076,1909f56bfc062723c751e8b465ee728b) (PreviewImporter) -> (artifact id: '96c7646661ae241cca5ae69070c81914') in 0.0572584 seconds
Number of updated asset objects reloaded before import = 0Number of asset objects unloaded after import = 3

========================================================================
Received Import Request.
  Time since last request: 0.000055 seconds.
  path: Assets/Material/Left hand.png
  artifactKey: Guid(d81b6c6b6c683cd41b75f602349ffb20) Importer(815301076,1909f56bfc062723c751e8b465ee728b)
Start importing Assets/Material/Left hand.png using Guid(d81b6c6b6c683cd41b75f602349ffb20) Importer(815301076,1909f56bfc062723c751e8b465ee728b) (PreviewImporter) -> (artifact id: 'd973b9cc4f457a7477a107982c3db106') in 0.0372512 seconds
Number of updated asset objects reloaded before import = 0Number of asset objects unloaded after import = 3

========================================================================
Received Import Request.
  Time since last request: 9.762132 seconds.
  path: Assets/SummerItems/Materials/Skybox.mat
  artifactKey: Guid(f6cb86ebd6e3c41a8899b83ea759a5f3) Importer(815301076,1909f56bfc062723c751e8b465ee728b)
Start importing Assets/SummerItems/Materials/Skybox.mat using Guid(f6cb86ebd6e3c41a8899b83ea759a5f3) Importer(815301076,1909f56bfc062723c751e8b465ee728b) (PreviewImporter) -> (artifact id: '98f22de842db580d6598a39e1dc8f10d') in 0.3021724 seconds
Number of updated asset objects reloaded before import = 0Number of asset objects unloaded after import = 1

========================================================================
Received Import Request.
  Time since last request: 35.039676 seconds.
  path: Assets/StylizedCamp/Materials/M_StylizedCamp_gloss.mat
  artifactKey: Guid(28fe0d87ae7053641aa4aab34b0a0aec) Importer(815301076,1909f56bfc062723c751e8b465ee728b)
Start importing Assets/StylizedCamp/Materials/M_StylizedCamp_gloss.mat using Guid(28fe0d87ae7053641aa4aab34b0a0aec) Importer(815301076,1909f56bfc062723c751e8b465ee728b) (PreviewImporter) -> (artifact id: 'a8722e57ee3ca1e6bac9f5fc53aedb0b') in 0.0267689 seconds
Number of updated asset objects reloaded before import = 0Number of asset objects unloaded after import = 2

========================================================================
Received Import Request.
  Time since last request: 0.000045 seconds.
  path: Assets/StylizedCamp/Materials/T_StylizedCamp.mat
  artifactKey: Guid(733c21b9ddc3f974b8485fbe43db4cfb) Importer(815301076,1909f56bfc062723c751e8b465ee728b)
Start importing Assets/StylizedCamp/Materials/T_StylizedCamp.mat using Guid(733c21b9ddc3f974b8485fbe43db4cfb) Importer(815301076,1909f56bfc062723c751e8b465ee728b) (PreviewImporter) -> (artifact id: '75a4017d235b714d01d00a2e7ce3c4d3') in 0.0214627 seconds
Number of updated asset objects reloaded before import = 0Number of asset objects unloaded after import = 2

Editor requested this worker to shutdown with reason: Scaling down because of idle timeout
AssetImportWorker is now disconnected from the server
Process exiting
Exiting without the bug reporter. Application will terminate with return code 0